W, [2022-10-18T15:17:08.655421 #96306]  WARN -- : You are running SQLite in production, this is generally not recommended. You can disable this warning by setting "config.active_record.sqlite3_production_warning=false".
I, [2022-10-18T15:17:27.031849 #96306]  INFO -- : [ae77d8d9-9a4b-4c15-811e-70cbddb3cf1d] Started GET "/posts" for 176.129.104.228 at 2022-10-18 15:17:27 +0000
I, [2022-10-18T15:17:27.033349 #96306]  INFO -- : [ae77d8d9-9a4b-4c15-811e-70cbddb3cf1d] Processing by PostsController#index as HTML
I, [2022-10-18T15:17:27.048069 #96306]  INFO -- : [ae77d8d9-9a4b-4c15-811e-70cbddb3cf1d]   Rendered posts/index.html.erb within layouts/application (Duration: 10.2ms | Allocations: 1814)
I, [2022-10-18T15:17:27.048155 #96306]  INFO -- : [ae77d8d9-9a4b-4c15-811e-70cbddb3cf1d]   Rendered layout layouts/application.html.erb (Duration: 10.4ms | Allocations: 1878)
I, [2022-10-18T15:17:27.048376 #96306]  INFO -- : [ae77d8d9-9a4b-4c15-811e-70cbddb3cf1d] Completed 500 Internal Server Error in 15ms (ActiveRecord: 4.3ms | Allocations: 3450)
F, [2022-10-18T15:17:27.049391 #96306] FATAL -- : [ae77d8d9-9a4b-4c15-811e-70cbddb3cf1d]   
[ae77d8d9-9a4b-4c15-811e-70cbddb3cf1d] ActionView::Template::Error (SQLite3::SQLException: no such table: posts):
[ae77d8d9-9a4b-4c15-811e-70cbddb3cf1d]     3: <h1>Posts</h1>
[ae77d8d9-9a4b-4c15-811e-70cbddb3cf1d]     4: 
[ae77d8d9-9a4b-4c15-811e-70cbddb3cf1d]     5: <div id="posts">
[ae77d8d9-9a4b-4c15-811e-70cbddb3cf1d]     6:   <% @posts.each do |post| %>
[ae77d8d9-9a4b-4c15-811e-70cbddb3cf1d]     7:     <%= render post %>
[ae77d8d9-9a4b-4c15-811e-70cbddb3cf1d]     8:     <p>
[ae77d8d9-9a4b-4c15-811e-70cbddb3cf1d]     9:       <%= link_to "Show this post", post %>
[ae77d8d9-9a4b-4c15-811e-70cbddb3cf1d]   
[ae77d8d9-9a4b-4c15-811e-70cbddb3cf1d] app/views/posts/index.html.erb:6
I, [2022-10-18T16:24:20.189552 #103535]  INFO -- : [b8599ae2-a219-4d49-87ec-2175a7ef06cb] Started GET "/posts" for 176.129.104.228 at 2022-10-18 16:24:20 +0000
I, [2022-10-18T16:24:20.191226 #103535]  INFO -- : [b8599ae2-a219-4d49-87ec-2175a7ef06cb] Processing by PostsController#index as HTML
I, [2022-10-18T16:24:20.203330 #103535]  INFO -- : [b8599ae2-a219-4d49-87ec-2175a7ef06cb]   Rendered posts/index.html.erb within layouts/application (Duration: 9.0ms | Allocations: 1921)
I, [2022-10-18T16:24:20.203437 #103535]  INFO -- : [b8599ae2-a219-4d49-87ec-2175a7ef06cb]   Rendered layout layouts/application.html.erb (Duration: 9.3ms | Allocations: 1988)
I, [2022-10-18T16:24:20.203710 #103535]  INFO -- : [b8599ae2-a219-4d49-87ec-2175a7ef06cb] Completed 500 Internal Server Error in 12ms (Allocations: 3507)
F, [2022-10-18T16:24:20.204611 #103535] FATAL -- : [b8599ae2-a219-4d49-87ec-2175a7ef06cb]   
[b8599ae2-a219-4d49-87ec-2175a7ef06cb] ActionView::Template::Error (There is an issue connecting to your database with your username/password, username: rails.

Please check your database configuration to ensure the username/password are valid.
):
[b8599ae2-a219-4d49-87ec-2175a7ef06cb]     3: <h1>Posts</h1>
[b8599ae2-a219-4d49-87ec-2175a7ef06cb]     4: 
[b8599ae2-a219-4d49-87ec-2175a7ef06cb]     5: <div id="posts">
[b8599ae2-a219-4d49-87ec-2175a7ef06cb]     6:   <% @posts.each do |post| %>
[b8599ae2-a219-4d49-87ec-2175a7ef06cb]     7:     <%= render post %>
[b8599ae2-a219-4d49-87ec-2175a7ef06cb]     8:     <p>
[b8599ae2-a219-4d49-87ec-2175a7ef06cb]     9:       <%= link_to "Show this post", post %>
[b8599ae2-a219-4d49-87ec-2175a7ef06cb]   
[b8599ae2-a219-4d49-87ec-2175a7ef06cb] app/views/posts/index.html.erb:6
I, [2022-10-18T16:31:08.777064 #103767]  INFO -- : [2a9ecf8c-2823-4c04-bcd9-bdd6fc18cfc8] Started GET "/posts" for 176.129.104.228 at 2022-10-18 16:31:08 +0000
I, [2022-10-18T16:31:08.778385 #103767]  INFO -- : [2a9ecf8c-2823-4c04-bcd9-bdd6fc18cfc8] Processing by PostsController#index as HTML
I, [2022-10-18T16:31:08.789625 #103767]  INFO -- : [2a9ecf8c-2823-4c04-bcd9-bdd6fc18cfc8]   Rendered posts/index.html.erb within layouts/application (Duration: 8.7ms | Allocations: 1922)
I, [2022-10-18T16:31:08.789705 #103767]  INFO -- : [2a9ecf8c-2823-4c04-bcd9-bdd6fc18cfc8]   Rendered layout layouts/application.html.erb (Duration: 8.9ms | Allocations: 1989)
I, [2022-10-18T16:31:08.789880 #103767]  INFO -- : [2a9ecf8c-2823-4c04-bcd9-bdd6fc18cfc8] Completed 500 Internal Server Error in 11ms (Allocations: 3508)
F, [2022-10-18T16:31:08.790714 #103767] FATAL -- : [2a9ecf8c-2823-4c04-bcd9-bdd6fc18cfc8]   
[2a9ecf8c-2823-4c04-bcd9-bdd6fc18cfc8] ActionView::Template::Error (We could not find your database: rails_production. Which can be found in the database configuration file located at config/database.yml.

To resolve this issue:

- Did you create the database for this app, or delete it? You may need to create your database.
- Has the database name changed? Check your database.yml config has the correct database name.

To create your database, run:

        bin/rails db:create
):
[2a9ecf8c-2823-4c04-bcd9-bdd6fc18cfc8]     3: <h1>Posts</h1>
[2a9ecf8c-2823-4c04-bcd9-bdd6fc18cfc8]     4: 
[2a9ecf8c-2823-4c04-bcd9-bdd6fc18cfc8]     5: <div id="posts">
[2a9ecf8c-2823-4c04-bcd9-bdd6fc18cfc8]     6:   <% @posts.each do |post| %>
[2a9ecf8c-2823-4c04-bcd9-bdd6fc18cfc8]     7:     <%= render post %>
[2a9ecf8c-2823-4c04-bcd9-bdd6fc18cfc8]     8:     <p>
[2a9ecf8c-2823-4c04-bcd9-bdd6fc18cfc8]     9:       <%= link_to "Show this post", post %>
[2a9ecf8c-2823-4c04-bcd9-bdd6fc18cfc8]   
[2a9ecf8c-2823-4c04-bcd9-bdd6fc18cfc8] app/views/posts/index.html.erb:6
I, [2022-10-18T16:33:15.014964 #103832]  INFO -- : [c38304e2-287b-4317-91c8-5a4b16e4cd2c] Started GET "/posts" for 176.129.104.228 at 2022-10-18 16:33:15 +0000
I, [2022-10-18T16:33:15.016646 #103832]  INFO -- : [c38304e2-287b-4317-91c8-5a4b16e4cd2c] Processing by PostsController#index as HTML
I, [2022-10-18T16:33:15.038901 #103832]  INFO -- : [c38304e2-287b-4317-91c8-5a4b16e4cd2c]   Rendered posts/index.html.erb within layouts/application (Duration: 18.8ms | Allocations: 4787)
I, [2022-10-18T16:33:15.040429 #103832]  INFO -- : [c38304e2-287b-4317-91c8-5a4b16e4cd2c]   Rendered layout layouts/application.html.erb (Duration: 20.5ms | Allocations: 5514)
I, [2022-10-18T16:33:15.040657 #103832]  INFO -- : [c38304e2-287b-4317-91c8-5a4b16e4cd2c] Completed 500 Internal Server Error in 24ms (ActiveRecord: 4.9ms | Allocations: 7037)
F, [2022-10-18T16:33:15.041345 #103832] FATAL -- : [c38304e2-287b-4317-91c8-5a4b16e4cd2c]   
[c38304e2-287b-4317-91c8-5a4b16e4cd2c] ActionView::Template::Error (The asset "application.css" is not present in the asset pipeline.
):
[c38304e2-287b-4317-91c8-5a4b16e4cd2c]      6:     <%= csrf_meta_tags %>
[c38304e2-287b-4317-91c8-5a4b16e4cd2c]      7:     <%= csp_meta_tag %>
[c38304e2-287b-4317-91c8-5a4b16e4cd2c]      8: 
[c38304e2-287b-4317-91c8-5a4b16e4cd2c]      9:     <%= stylesheet_link_tag "application", "data-turbo-track": "reload" %>
[c38304e2-287b-4317-91c8-5a4b16e4cd2c]     10:     <link rel="stylesheet" href="https://cdn.simplecss.org/simple.min.css">
[c38304e2-287b-4317-91c8-5a4b16e4cd2c]     11:     <%= javascript_importmap_tags %>
[c38304e2-287b-4317-91c8-5a4b16e4cd2c]     12:   </head>
[c38304e2-287b-4317-91c8-5a4b16e4cd2c]   
[c38304e2-287b-4317-91c8-5a4b16e4cd2c] app/views/layouts/application.html.erb:9
I, [2022-10-18T16:33:16.191367 #103832]  INFO -- : [0c5c378c-25aa-45fe-ac9b-0911a5f27f15] Started GET "/posts" for 176.129.104.228 at 2022-10-18 16:33:16 +0000
I, [2022-10-18T16:33:16.192357 #103832]  INFO -- : [0c5c378c-25aa-45fe-ac9b-0911a5f27f15] Processing by PostsController#index as HTML
I, [2022-10-18T16:33:16.194288 #103832]  INFO -- : [0c5c378c-25aa-45fe-ac9b-0911a5f27f15]   Rendered posts/index.html.erb within layouts/application (Duration: 1.3ms | Allocations: 254)
I, [2022-10-18T16:33:16.194940 #103832]  INFO -- : [0c5c378c-25aa-45fe-ac9b-0911a5f27f15]   Rendered layout layouts/application.html.erb (Duration: 1.9ms | Allocations: 545)
I, [2022-10-18T16:33:16.195132 #103832]  INFO -- : [0c5c378c-25aa-45fe-ac9b-0911a5f27f15] Completed 500 Internal Server Error in 3ms (ActiveRecord: 0.2ms | Allocations: 786)
F, [2022-10-18T16:33:16.195813 #103832] FATAL -- : [0c5c378c-25aa-45fe-ac9b-0911a5f27f15]   
[0c5c378c-25aa-45fe-ac9b-0911a5f27f15] ActionView::Template::Error (The asset "application.css" is not present in the asset pipeline.
):
[0c5c378c-25aa-45fe-ac9b-0911a5f27f15]      6:     <%= csrf_meta_tags %>
[0c5c378c-25aa-45fe-ac9b-0911a5f27f15]      7:     <%= csp_meta_tag %>
[0c5c378c-25aa-45fe-ac9b-0911a5f27f15]      8: 
[0c5c378c-25aa-45fe-ac9b-0911a5f27f15]      9:     <%= stylesheet_link_tag "application", "data-turbo-track": "reload" %>
[0c5c378c-25aa-45fe-ac9b-0911a5f27f15]     10:     <link rel="stylesheet" href="https://cdn.simplecss.org/simple.min.css">
[0c5c378c-25aa-45fe-ac9b-0911a5f27f15]     11:     <%= javascript_importmap_tags %>
[0c5c378c-25aa-45fe-ac9b-0911a5f27f15]     12:   </head>
[0c5c378c-25aa-45fe-ac9b-0911a5f27f15]   
[0c5c378c-25aa-45fe-ac9b-0911a5f27f15] app/views/layouts/application.html.erb:9
I, [2022-10-18T17:14:08.716979 #109349]  INFO -- : [fc0a550e-7030-4ce6-b6f5-cd772c46916c] Started GET "/posts" for 176.129.104.228 at 2022-10-18 17:14:08 +0000
I, [2022-10-18T17:14:08.720170 #109349]  INFO -- : [fc0a550e-7030-4ce6-b6f5-cd772c46916c] Processing by PostsController#index as HTML
I, [2022-10-18T17:14:08.739134 #109349]  INFO -- : [fc0a550e-7030-4ce6-b6f5-cd772c46916c]   Rendered posts/index.html.erb within layouts/application (Duration: 16.1ms | Allocations: 4787)
I, [2022-10-18T17:14:08.740636 #109349]  INFO -- : [fc0a550e-7030-4ce6-b6f5-cd772c46916c]   Rendered layout layouts/application.html.erb (Duration: 17.6ms | Allocations: 5514)
I, [2022-10-18T17:14:08.740891 #109349]  INFO -- : [fc0a550e-7030-4ce6-b6f5-cd772c46916c] Completed 500 Internal Server Error in 21ms (ActiveRecord: 4.7ms | Allocations: 7037)
F, [2022-10-18T17:14:08.741598 #109349] FATAL -- : [fc0a550e-7030-4ce6-b6f5-cd772c46916c]   
[fc0a550e-7030-4ce6-b6f5-cd772c46916c] ActionView::Template::Error (The asset "application.css" is not present in the asset pipeline.
):
[fc0a550e-7030-4ce6-b6f5-cd772c46916c]      6:     <%= csrf_meta_tags %>
[fc0a550e-7030-4ce6-b6f5-cd772c46916c]      7:     <%= csp_meta_tag %>
[fc0a550e-7030-4ce6-b6f5-cd772c46916c]      8: 
[fc0a550e-7030-4ce6-b6f5-cd772c46916c]      9:     <%= stylesheet_link_tag "application", "data-turbo-track": "reload" %>
[fc0a550e-7030-4ce6-b6f5-cd772c46916c]     10:     <link rel="stylesheet" href="https://cdn.simplecss.org/simple.min.css">
[fc0a550e-7030-4ce6-b6f5-cd772c46916c]     11:     <%= javascript_importmap_tags %>
[fc0a550e-7030-4ce6-b6f5-cd772c46916c]     12:   </head>
[fc0a550e-7030-4ce6-b6f5-cd772c46916c]   
[fc0a550e-7030-4ce6-b6f5-cd772c46916c] app/views/layouts/application.html.erb:9
I, [2022-10-18T17:14:09.571589 #109349]  INFO -- : [eac4be3b-f2dd-4708-8bd5-2ad0e6b39126] Started GET "/posts" for 176.129.104.228 at 2022-10-18 17:14:09 +0000
I, [2022-10-18T17:14:09.572369 #109349]  INFO -- : [eac4be3b-f2dd-4708-8bd5-2ad0e6b39126] Processing by PostsController#index as HTML
I, [2022-10-18T17:14:09.574164 #109349]  INFO -- : [eac4be3b-f2dd-4708-8bd5-2ad0e6b39126]   Rendered posts/index.html.erb within layouts/application (Duration: 1.2ms | Allocations: 254)
I, [2022-10-18T17:14:09.574784 #109349]  INFO -- : [eac4be3b-f2dd-4708-8bd5-2ad0e6b39126]   Rendered layout layouts/application.html.erb (Duration: 1.8ms | Allocations: 545)
I, [2022-10-18T17:14:09.574915 #109349]  INFO -- : [eac4be3b-f2dd-4708-8bd5-2ad0e6b39126] Completed 500 Internal Server Error in 2ms (ActiveRecord: 0.2ms | Allocations: 786)
F, [2022-10-18T17:14:09.575508 #109349] FATAL -- : [eac4be3b-f2dd-4708-8bd5-2ad0e6b39126]   
[eac4be3b-f2dd-4708-8bd5-2ad0e6b39126] ActionView::Template::Error (The asset "application.css" is not present in the asset pipeline.
):
[eac4be3b-f2dd-4708-8bd5-2ad0e6b39126]      6:     <%= csrf_meta_tags %>
[eac4be3b-f2dd-4708-8bd5-2ad0e6b39126]      7:     <%= csp_meta_tag %>
[eac4be3b-f2dd-4708-8bd5-2ad0e6b39126]      8: 
[eac4be3b-f2dd-4708-8bd5-2ad0e6b39126]      9:     <%= stylesheet_link_tag "application", "data-turbo-track": "reload" %>
[eac4be3b-f2dd-4708-8bd5-2ad0e6b39126]     10:     <link rel="stylesheet" href="https://cdn.simplecss.org/simple.min.css">
[eac4be3b-f2dd-4708-8bd5-2ad0e6b39126]     11:     <%= javascript_importmap_tags %>
[eac4be3b-f2dd-4708-8bd5-2ad0e6b39126]     12:   </head>
[eac4be3b-f2dd-4708-8bd5-2ad0e6b39126]   
[eac4be3b-f2dd-4708-8bd5-2ad0e6b39126] app/views/layouts/application.html.erb:9
W, [2022-10-18T17:56:45.992274 #110257]  WARN -- : You are running SQLite in production, this is generally not recommended. You can disable this warning by setting "config.active_record.sqlite3_production_warning=false".
I, [2022-10-18T17:56:54.620090 #110257]  INFO -- : [43f74caa-0932-4038-a73c-c8910667cfc0] Started GET "/posts" for 176.129.104.228 at 2022-10-18 17:56:54 +0000
I, [2022-10-18T17:56:54.621471 #110257]  INFO -- : [43f74caa-0932-4038-a73c-c8910667cfc0] Processing by PostsController#index as HTML
I, [2022-10-18T17:56:54.634228 #110257]  INFO -- : [43f74caa-0932-4038-a73c-c8910667cfc0]   Rendered posts/index.html.erb within layouts/application (Duration: 9.6ms | Allocations: 1813)
I, [2022-10-18T17:56:54.634384 #110257]  INFO -- : [43f74caa-0932-4038-a73c-c8910667cfc0]   Rendered layout layouts/application.html.erb (Duration: 9.9ms | Allocations: 1877)
I, [2022-10-18T17:56:54.634791 #110257]  INFO -- : [43f74caa-0932-4038-a73c-c8910667cfc0] Completed 500 Internal Server Error in 13ms (ActiveRecord: 1.2ms | Allocations: 3405)
F, [2022-10-18T17:56:54.636446 #110257] FATAL -- : [43f74caa-0932-4038-a73c-c8910667cfc0]   
[43f74caa-0932-4038-a73c-c8910667cfc0] ActionView::Template::Error (SQLite3::SQLException: no such table: posts):
[43f74caa-0932-4038-a73c-c8910667cfc0]     3: <h1>Posts</h1>
[43f74caa-0932-4038-a73c-c8910667cfc0]     4: 
[43f74caa-0932-4038-a73c-c8910667cfc0]     5: <div id="posts">
[43f74caa-0932-4038-a73c-c8910667cfc0]     6:   <% @posts.each do |post| %>
[43f74caa-0932-4038-a73c-c8910667cfc0]     7:     <%= render post %>
[43f74caa-0932-4038-a73c-c8910667cfc0]     8:     <p>
[43f74caa-0932-4038-a73c-c8910667cfc0]     9:       <%= link_to "Show this post", post %>
[43f74caa-0932-4038-a73c-c8910667cfc0]   
[43f74caa-0932-4038-a73c-c8910667cfc0] app/views/posts/index.html.erb:6
W, [2022-10-18T18:14:02.348079 #110842]  WARN -- : You are running SQLite in production, this is generally not recommended. You can disable this warning by setting "config.active_record.sqlite3_production_warning=false".
I, [2022-10-18T18:14:07.297896 #110842]  INFO -- : [f150252c-5cf2-46fe-a891-326910019a7a] Started GET "/posts" for 176.129.104.228 at 2022-10-18 18:14:07 +0000
I, [2022-10-18T18:14:07.301199 #110842]  INFO -- : [f150252c-5cf2-46fe-a891-326910019a7a] Processing by PostsController#index as HTML
I, [2022-10-18T18:14:07.310765 #110842]  INFO -- : [f150252c-5cf2-46fe-a891-326910019a7a]   Rendered posts/index.html.erb within layouts/application (Duration: 6.1ms | Allocations: 1813)
I, [2022-10-18T18:14:07.310859 #110842]  INFO -- : [f150252c-5cf2-46fe-a891-326910019a7a]   Rendered layout layouts/application.html.erb (Duration: 6.3ms | Allocations: 1877)
I, [2022-10-18T18:14:07.311066 #110842]  INFO -- : [f150252c-5cf2-46fe-a891-326910019a7a] Completed 500 Internal Server Error in 10ms (ActiveRecord: 0.7ms | Allocations: 3405)
F, [2022-10-18T18:14:07.312583 #110842] FATAL -- : [f150252c-5cf2-46fe-a891-326910019a7a]   
[f150252c-5cf2-46fe-a891-326910019a7a] ActionView::Template::Error (SQLite3::SQLException: no such table: posts):
[f150252c-5cf2-46fe-a891-326910019a7a]     3: <h1>Posts</h1>
[f150252c-5cf2-46fe-a891-326910019a7a]     4: 
[f150252c-5cf2-46fe-a891-326910019a7a]     5: <div id="posts">
[f150252c-5cf2-46fe-a891-326910019a7a]     6:   <% @posts.each do |post| %>
[f150252c-5cf2-46fe-a891-326910019a7a]     7:     <%= render post %>
[f150252c-5cf2-46fe-a891-326910019a7a]     8:     <p>
[f150252c-5cf2-46fe-a891-326910019a7a]     9:       <%= link_to "Show this post", post %>
[f150252c-5cf2-46fe-a891-326910019a7a]   
[f150252c-5cf2-46fe-a891-326910019a7a] app/views/posts/index.html.erb:6
W, [2022-10-18T18:39:56.744698 #136255]  WARN -- : You are running SQLite in production, this is generally not recommended. You can disable this warning by setting "config.active_record.sqlite3_production_warning=false".
I, [2022-10-18T18:40:08.492725 #136255]  INFO -- : [c4c52928-a183-48e9-a4dd-3111aaaabe07] Started GET "/posts" for 176.129.104.228 at 2022-10-18 18:40:08 +0000
I, [2022-10-18T18:40:08.494479 #136255]  INFO -- : [c4c52928-a183-48e9-a4dd-3111aaaabe07] Processing by PostsController#index as HTML
I, [2022-10-18T18:40:08.508958 #136255]  INFO -- : [c4c52928-a183-48e9-a4dd-3111aaaabe07]   Rendered posts/index.html.erb within layouts/application (Duration: 9.8ms | Allocations: 1813)
I, [2022-10-18T18:40:08.509059 #136255]  INFO -- : [c4c52928-a183-48e9-a4dd-3111aaaabe07]   Rendered layout layouts/application.html.erb (Duration: 10.0ms | Allocations: 1877)
I, [2022-10-18T18:40:08.509365 #136255]  INFO -- : [c4c52928-a183-48e9-a4dd-3111aaaabe07] Completed 500 Internal Server Error in 15ms (ActiveRecord: 2.1ms | Allocations: 3405)
F, [2022-10-18T18:40:08.510275 #136255] FATAL -- : [c4c52928-a183-48e9-a4dd-3111aaaabe07]   
[c4c52928-a183-48e9-a4dd-3111aaaabe07] ActionView::Template::Error (SQLite3::SQLException: no such table: posts):
[c4c52928-a183-48e9-a4dd-3111aaaabe07]     3: <h1>Posts</h1>
[c4c52928-a183-48e9-a4dd-3111aaaabe07]     4: 
[c4c52928-a183-48e9-a4dd-3111aaaabe07]     5: <div id="posts">
[c4c52928-a183-48e9-a4dd-3111aaaabe07]     6:   <% @posts.each do |post| %>
[c4c52928-a183-48e9-a4dd-3111aaaabe07]     7:     <%= render post %>
[c4c52928-a183-48e9-a4dd-3111aaaabe07]     8:     <p>
[c4c52928-a183-48e9-a4dd-3111aaaabe07]     9:       <%= link_to "Show this post", post %>
[c4c52928-a183-48e9-a4dd-3111aaaabe07]   
[c4c52928-a183-48e9-a4dd-3111aaaabe07] app/views/posts/index.html.erb:6
W, [2022-10-18T18:43:20.710516 #136352]  WARN -- : You are running SQLite in production, this is generally not recommended. You can disable this warning by setting "config.active_record.sqlite3_production_warning=false".
I, [2022-10-18T18:43:24.084648 #136352]  INFO -- : [fbe45877-9bbc-4618-8de0-a5b82590f9bd] Started GET "/posts" for 176.129.104.228 at 2022-10-18 18:43:24 +0000
I, [2022-10-18T18:43:24.086131 #136352]  INFO -- : [fbe45877-9bbc-4618-8de0-a5b82590f9bd] Processing by PostsController#index as HTML
I, [2022-10-18T18:43:24.097373 #136352]  INFO -- : [fbe45877-9bbc-4618-8de0-a5b82590f9bd]   Rendered posts/index.html.erb within layouts/application (Duration: 7.6ms | Allocations: 1813)
I, [2022-10-18T18:43:24.097512 #136352]  INFO -- : [fbe45877-9bbc-4618-8de0-a5b82590f9bd]   Rendered layout layouts/application.html.erb (Duration: 7.8ms | Allocations: 1877)
I, [2022-10-18T18:43:24.097831 #136352]  INFO -- : [fbe45877-9bbc-4618-8de0-a5b82590f9bd] Completed 500 Internal Server Error in 12ms (ActiveRecord: 1.6ms | Allocations: 3405)
F, [2022-10-18T18:43:24.099248 #136352] FATAL -- : [fbe45877-9bbc-4618-8de0-a5b82590f9bd]   
[fbe45877-9bbc-4618-8de0-a5b82590f9bd] ActionView::Template::Error (SQLite3::SQLException: no such table: posts):
[fbe45877-9bbc-4618-8de0-a5b82590f9bd]     3: <h1>Posts</h1>
[fbe45877-9bbc-4618-8de0-a5b82590f9bd]     4: 
[fbe45877-9bbc-4618-8de0-a5b82590f9bd]     5: <div id="posts">
[fbe45877-9bbc-4618-8de0-a5b82590f9bd]     6:   <% @posts.each do |post| %>
[fbe45877-9bbc-4618-8de0-a5b82590f9bd]     7:     <%= render post %>
[fbe45877-9bbc-4618-8de0-a5b82590f9bd]     8:     <p>
[fbe45877-9bbc-4618-8de0-a5b82590f9bd]     9:       <%= link_to "Show this post", post %>
[fbe45877-9bbc-4618-8de0-a5b82590f9bd]   
[fbe45877-9bbc-4618-8de0-a5b82590f9bd] app/views/posts/index.html.erb:6
W, [2022-10-18T18:44:20.515286 #136405]  WARN -- : You are running SQLite in production, this is generally not recommended. You can disable this warning by setting "config.active_record.sqlite3_production_warning=false".
I, [2022-10-18T18:44:23.258175 #136405]  INFO -- : [3452b50a-865a-4a53-bdda-f5a9a57d0e78] Started GET "/posts" for 176.129.104.228 at 2022-10-18 18:44:23 +0000
I, [2022-10-18T18:44:23.260102 #136405]  INFO -- : [3452b50a-865a-4a53-bdda-f5a9a57d0e78] Processing by PostsController#index as HTML
I, [2022-10-18T18:44:23.269465 #136405]  INFO -- : [3452b50a-865a-4a53-bdda-f5a9a57d0e78]   Rendered posts/index.html.erb within layouts/application (Duration: 6.6ms | Allocations: 1813)
I, [2022-10-18T18:44:23.269574 #136405]  INFO -- : [3452b50a-865a-4a53-bdda-f5a9a57d0e78]   Rendered layout layouts/application.html.erb (Duration: 6.7ms | Allocations: 1877)
I, [2022-10-18T18:44:23.269796 #136405]  INFO -- : [3452b50a-865a-4a53-bdda-f5a9a57d0e78] Completed 500 Internal Server Error in 10ms (ActiveRecord: 0.7ms | Allocations: 3405)
F, [2022-10-18T18:44:23.271090 #136405] FATAL -- : [3452b50a-865a-4a53-bdda-f5a9a57d0e78]   
[3452b50a-865a-4a53-bdda-f5a9a57d0e78] ActionView::Template::Error (SQLite3::SQLException: no such table: posts):
[3452b50a-865a-4a53-bdda-f5a9a57d0e78]     3: <h1>Posts</h1>
[3452b50a-865a-4a53-bdda-f5a9a57d0e78]     4: 
[3452b50a-865a-4a53-bdda-f5a9a57d0e78]     5: <div id="posts">
[3452b50a-865a-4a53-bdda-f5a9a57d0e78]     6:   <% @posts.each do |post| %>
[3452b50a-865a-4a53-bdda-f5a9a57d0e78]     7:     <%= render post %>
[3452b50a-865a-4a53-bdda-f5a9a57d0e78]     8:     <p>
[3452b50a-865a-4a53-bdda-f5a9a57d0e78]     9:       <%= link_to "Show this post", post %>
[3452b50a-865a-4a53-bdda-f5a9a57d0e78]   
[3452b50a-865a-4a53-bdda-f5a9a57d0e78] app/views/posts/index.html.erb:6
I, [2022-10-18T18:44:24.118963 #136405]  INFO -- : [9df79be7-71e9-439b-be47-4a13463f4ca2] Started GET "/posts" for 176.129.104.228 at 2022-10-18 18:44:24 +0000
I, [2022-10-18T18:44:24.119784 #136405]  INFO -- : [9df79be7-71e9-439b-be47-4a13463f4ca2] Processing by PostsController#index as HTML
I, [2022-10-18T18:44:24.121808 #136405]  INFO -- : [9df79be7-71e9-439b-be47-4a13463f4ca2]   Rendered posts/index.html.erb within layouts/application (Duration: 1.4ms | Allocations: 347)
I, [2022-10-18T18:44:24.121875 #136405]  INFO -- : [9df79be7-71e9-439b-be47-4a13463f4ca2]   Rendered layout layouts/application.html.erb (Duration: 1.5ms | Allocations: 379)
I, [2022-10-18T18:44:24.121997 #136405]  INFO -- : [9df79be7-71e9-439b-be47-4a13463f4ca2] Completed 500 Internal Server Error in 2ms (ActiveRecord: 0.5ms | Allocations: 624)
F, [2022-10-18T18:44:24.122773 #136405] FATAL -- : [9df79be7-71e9-439b-be47-4a13463f4ca2]   
[9df79be7-71e9-439b-be47-4a13463f4ca2] ActionView::Template::Error (SQLite3::SQLException: no such table: posts):
[9df79be7-71e9-439b-be47-4a13463f4ca2]     3: <h1>Posts</h1>
[9df79be7-71e9-439b-be47-4a13463f4ca2]     4: 
[9df79be7-71e9-439b-be47-4a13463f4ca2]     5: <div id="posts">
[9df79be7-71e9-439b-be47-4a13463f4ca2]     6:   <% @posts.each do |post| %>
[9df79be7-71e9-439b-be47-4a13463f4ca2]     7:     <%= render post %>
[9df79be7-71e9-439b-be47-4a13463f4ca2]     8:     <p>
[9df79be7-71e9-439b-be47-4a13463f4ca2]     9:       <%= link_to "Show this post", post %>
[9df79be7-71e9-439b-be47-4a13463f4ca2]   
[9df79be7-71e9-439b-be47-4a13463f4ca2] app/views/posts/index.html.erb:6
I, [2022-10-18T18:44:24.286303 #136405]  INFO -- : [f156dc9c-04ba-4311-84f9-dacee9bcdf41] Started GET "/posts" for 176.129.104.228 at 2022-10-18 18:44:24 +0000
I, [2022-10-18T18:44:24.287188 #136405]  INFO -- : [f156dc9c-04ba-4311-84f9-dacee9bcdf41] Processing by PostsController#index as HTML
I, [2022-10-18T18:44:24.289034 #136405]  INFO -- : [f156dc9c-04ba-4311-84f9-dacee9bcdf41]   Rendered posts/index.html.erb within layouts/application (Duration: 1.1ms | Allocations: 284)
I, [2022-10-18T18:44:24.289129 #136405]  INFO -- : [f156dc9c-04ba-4311-84f9-dacee9bcdf41]   Rendered layout layouts/application.html.erb (Duration: 1.2ms | Allocations: 314)
I, [2022-10-18T18:44:24.289296 #136405]  INFO -- : [f156dc9c-04ba-4311-84f9-dacee9bcdf41] Completed 500 Internal Server Error in 2ms (ActiveRecord: 0.5ms | Allocations: 500)
F, [2022-10-18T18:44:24.292053 #136405] FATAL -- : [f156dc9c-04ba-4311-84f9-dacee9bcdf41]   
[f156dc9c-04ba-4311-84f9-dacee9bcdf41] ActionView::Template::Error (SQLite3::SQLException: no such table: posts):
[f156dc9c-04ba-4311-84f9-dacee9bcdf41]     3: <h1>Posts</h1>
[f156dc9c-04ba-4311-84f9-dacee9bcdf41]     4: 
[f156dc9c-04ba-4311-84f9-dacee9bcdf41]     5: <div id="posts">
[f156dc9c-04ba-4311-84f9-dacee9bcdf41]     6:   <% @posts.each do |post| %>
[f156dc9c-04ba-4311-84f9-dacee9bcdf41]     7:     <%= render post %>
[f156dc9c-04ba-4311-84f9-dacee9bcdf41]     8:     <p>
[f156dc9c-04ba-4311-84f9-dacee9bcdf41]     9:       <%= link_to "Show this post", post %>
[f156dc9c-04ba-4311-84f9-dacee9bcdf41]   
[f156dc9c-04ba-4311-84f9-dacee9bcdf41] app/views/posts/index.html.erb:6
W, [2022-10-18T18:45:51.107851 #136436]  WARN -- : You are running SQLite in production, this is generally not recommended. You can disable this warning by setting "config.active_record.sqlite3_production_warning=false".
I, [2022-10-18T18:45:51.144749 #136436]  INFO -- : Migrating to CreatePosts (20221018070316)
I, [2022-10-18T18:45:51.153136 #136436]  INFO -- : Migrating to CreateActiveStorageTables (20221018072936)
I, [2022-10-18T18:45:51.160688 #136436]  INFO -- : Migrating to CreateActionTextTables (20221018072937)
I, [2022-10-18T18:45:51.166027 #136436]  INFO -- : Migrating to CreateComments (20221018074840)
W, [2022-10-18T18:45:57.577123 #136439]  WARN -- : You are running SQLite in production, this is generally not recommended. You can disable this warning by setting "config.active_record.sqlite3_production_warning=false".
I, [2022-10-18T18:45:59.575299 #136439]  INFO -- : [94e451ad-3780-4e55-8028-e0f67219982f] Started GET "/posts" for 176.129.104.228 at 2022-10-18 18:45:59 +0000
I, [2022-10-18T18:45:59.577110 #136439]  INFO -- : [94e451ad-3780-4e55-8028-e0f67219982f] Processing by PostsController#index as HTML
I, [2022-10-18T18:45:59.587080 #136439]  INFO -- : [94e451ad-3780-4e55-8028-e0f67219982f]   Rendered posts/index.html.erb within layouts/application (Duration: 6.7ms | Allocations: 1850)
I, [2022-10-18T18:45:59.590659 #136439]  INFO -- : [94e451ad-3780-4e55-8028-e0f67219982f]   Rendered layout layouts/application.html.erb (Duration: 10.3ms | Allocations: 4349)
I, [2022-10-18T18:45:59.591505 #136439]  INFO -- : [94e451ad-3780-4e55-8028-e0f67219982f] Completed 200 OK in 14ms (Views: 11.8ms | ActiveRecord: 0.7ms | Allocations: 5926)
I, [2022-10-18T18:45:59.613545 #136439]  INFO -- : [f71581fe-6564-4dd3-9596-2de3ad91e4d3] Started GET "/assets/application-d6621387afbaa9aeda81878a0cca16e410cbe7e45f668e6edc1a0d4750fca4e0.css" for 176.129.104.228 at 2022-10-18 18:45:59 +0000
F, [2022-10-18T18:45:59.614099 #136439] FATAL -- : [f71581fe-6564-4dd3-9596-2de3ad91e4d3]   
[f71581fe-6564-4dd3-9596-2de3ad91e4d3] ActionController::RoutingError (No route matches [GET] "/assets/application-d6621387afbaa9aeda81878a0cca16e410cbe7e45f668e6edc1a0d4750fca4e0.css"):
[f71581fe-6564-4dd3-9596-2de3ad91e4d3]   
I, [2022-10-18T18:45:59.633830 #136439]  INFO -- : [a4bd1d5e-07c7-4751-b13f-76c7259eb779] Started GET "/assets/es-module-shims.min-d89e73202ec09dede55fb74115af9c5f9f2bb965433de1c2446e1faa6dac2470.js" for 176.129.104.228 at 2022-10-18 18:45:59 +0000
F, [2022-10-18T18:45:59.635112 #136439] FATAL -- : [a4bd1d5e-07c7-4751-b13f-76c7259eb779]   
[a4bd1d5e-07c7-4751-b13f-76c7259eb779] ActionController::RoutingError (No route matches [GET] "/assets/es-module-shims.min-d89e73202ec09dede55fb74115af9c5f9f2bb965433de1c2446e1faa6dac2470.js"):
[a4bd1d5e-07c7-4751-b13f-76c7259eb779]   
I, [2022-10-18T18:46:31.986433 #136439]  INFO -- : [49bad5f0-05a1-4f20-9761-21a1b0b8c663] Started GET "/posts/new" for 176.129.104.228 at 2022-10-18 18:46:31 +0000
I, [2022-10-18T18:46:31.987367 #136439]  INFO -- : [49bad5f0-05a1-4f20-9761-21a1b0b8c663] Processing by PostsController#new as HTML
I, [2022-10-18T18:46:32.012090 #136439]  INFO -- : [49bad5f0-05a1-4f20-9761-21a1b0b8c663]   Rendered posts/new.html.erb within layouts/application (Duration: 13.1ms | Allocations: 7242)
I, [2022-10-18T18:46:32.012813 #136439]  INFO -- : [49bad5f0-05a1-4f20-9761-21a1b0b8c663]   Rendered layout layouts/application.html.erb (Duration: 13.8ms | Allocations: 7842)
I, [2022-10-18T18:46:32.013072 #136439]  INFO -- : [49bad5f0-05a1-4f20-9761-21a1b0b8c663] Completed 200 OK in 26ms (Views: 13.8ms | ActiveRecord: 1.2ms | Allocations: 13128)
I, [2022-10-18T18:46:40.907193 #136439]  INFO -- : [7b4ec745-65a4-4d75-80a6-bfa4933d0522] Started POST "/posts" for 176.129.104.228 at 2022-10-18 18:46:40 +0000
I, [2022-10-18T18:46:40.908218 #136439]  INFO -- : [7b4ec745-65a4-4d75-80a6-bfa4933d0522] Processing by PostsController#create as HTML
I, [2022-10-18T18:46:40.908288 #136439]  INFO -- : [7b4ec745-65a4-4d75-80a6-bfa4933d0522]   Parameters: {"authenticity_token"=>"[FILTERED]", "post"=>{"title"=>"test", "content"=>""}, "commit"=>"Create Post"}
I, [2022-10-18T18:46:40.942999 #136439]  INFO -- : [7b4ec745-65a4-4d75-80a6-bfa4933d0522] Redirected to http://cosmoswide.fr:3000/posts/1
I, [2022-10-18T18:46:40.943203 #136439]  INFO -- : [7b4ec745-65a4-4d75-80a6-bfa4933d0522] Completed 302 Found in 35ms (ActiveRecord: 3.7ms | Allocations: 4614)
I, [2022-10-18T18:46:40.981321 #136439]  INFO -- : [2211d322-3773-4e4e-904f-c847dd32e26e] Started GET "/posts/1" for 176.129.104.228 at 2022-10-18 18:46:40 +0000
I, [2022-10-18T18:46:40.982122 #136439]  INFO -- : [2211d322-3773-4e4e-904f-c847dd32e26e] Processing by PostsController#show as HTML
I, [2022-10-18T18:46:40.982173 #136439]  INFO -- : [2211d322-3773-4e4e-904f-c847dd32e26e]   Parameters: {"id"=>"1"}
I, [2022-10-18T18:46:41.043442 #136439]  INFO -- : [2211d322-3773-4e4e-904f-c847dd32e26e]   Rendered posts/show.html.erb within layouts/application (Duration: 48.6ms | Allocations: 6905)
I, [2022-10-18T18:46:41.044289 #136439]  INFO -- : [2211d322-3773-4e4e-904f-c847dd32e26e]   Rendered layout layouts/application.html.erb (Duration: 49.5ms | Allocations: 7465)
I, [2022-10-18T18:46:41.044517 #136439]  INFO -- : [2211d322-3773-4e4e-904f-c847dd32e26e] Completed 200 OK in 62ms (Views: 48.9ms | ActiveRecord: 1.1ms | Allocations: 8252)
I, [2022-10-18T18:46:48.824938 #136439]  INFO -- : [8b3385fd-39d6-4ceb-bcf0-8babe975d33f] Started POST "/posts/1/comments" for 176.129.104.228 at 2022-10-18 18:46:48 +0000
I, [2022-10-18T18:46:48.825967 #136439]  INFO -- : [8b3385fd-39d6-4ceb-bcf0-8babe975d33f] Processing by CommentsController#create as HTML
I, [2022-10-18T18:46:48.826035 #136439]  INFO -- : [8b3385fd-39d6-4ceb-bcf0-8babe975d33f]   Parameters: {"authenticity_token"=>"[FILTERED]", "comment"=>{"content"=>"No comment."}, "commit"=>"Create Comment", "post_id"=>"1"}
I, [2022-10-18T18:46:48.834764 #136439]  INFO -- : [8b3385fd-39d6-4ceb-bcf0-8babe975d33f] [ActiveJob] Enqueued Turbo::Streams::ActionBroadcastJob (Job ID: 3bf3edd1-05ec-4911-bec2-1ba90d7d9b5c) to Async(default) with arguments: "Z2lkOi8vYmxvZy9Qb3N0LzE", {:action=>:append, :target=>"comments", :targets=>nil, :locals=>{:comment=>#<GlobalID:0x00007fefaa6176e0 @uri=#<URI::GID gid://blog/Comment/1>>}, :partial=>"comments/comment"}
I, [2022-10-18T18:46:48.836812 #136439]  INFO -- : [8b3385fd-39d6-4ceb-bcf0-8babe975d33f] [ActiveJob] Enqueued ActionMailer::MailDeliveryJob (Job ID: c1e86ae4-e1c8-4f5e-b421-082b5bc4efb7) to Async(default) with arguments: "CommentsMailer", "submitted", "deliver_now", {:args=>[#<GlobalID:0x00007fefaa612bb8 @uri=#<URI::GID gid://blog/Comment/1>>]}
I, [2022-10-18T18:46:48.837334 #136439]  INFO -- : [8b3385fd-39d6-4ceb-bcf0-8babe975d33f] Redirected to http://cosmoswide.fr:3000/posts/1
I, [2022-10-18T18:46:48.837468 #136439]  INFO -- : [8b3385fd-39d6-4ceb-bcf0-8babe975d33f] Completed 302 Found in 11ms (ActiveRecord: 3.2ms | Allocations: 2554)
I, [2022-10-18T18:46:48.841049 #136439]  INFO -- : [ActiveJob] [Turbo::Streams::ActionBroadcastJob] [3bf3edd1-05ec-4911-bec2-1ba90d7d9b5c] Performing Turbo::Streams::ActionBroadcastJob (Job ID: 3bf3edd1-05ec-4911-bec2-1ba90d7d9b5c) from Async(default) enqueued at 2022-10-18T18:46:48Z with arguments: "Z2lkOi8vYmxvZy9Qb3N0LzE", {:action=>:append, :target=>"comments", :targets=>nil, :locals=>{:comment=>#<GlobalID:0x00007fefa81b0608 @uri=#<URI::GID gid://blog/Comment/1>>}, :partial=>"comments/comment"}
E, [2022-10-18T18:46:48.846807 #136439] ERROR -- : [ActiveJob] [Turbo::Streams::ActionBroadcastJob] [3bf3edd1-05ec-4911-bec2-1ba90d7d9b5c] Error performing Turbo::Streams::ActionBroadcastJob (Job ID: 3bf3edd1-05ec-4911-bec2-1ba90d7d9b5c) from Async(default) in 7.28ms: Gem::LoadError (Error loading the 'redis' Action Cable pubsub adapter. Missing a gem it depends on? redis is not part of the bundle. Add it to your Gemfile.):
/home/cereo/.rvm/gems/ruby-3.1.2/gems/bundler-2.3.24/lib/bundler/rubygems_integration.rb:280:in `block (2 levels) in replace_gem'
/home/cereo/.rvm/gems/ruby-3.1.2/gems/actioncable-7.0.4/lib/action_cable/subscription_adapter/redis.rb:5:in `<main>'
/home/cereo/.rvm/gems/ruby-3.1.2/gems/bootsnap-1.13.0/lib/bootsnap/load_path_cache/core_ext/kernel_require.rb:32:in `require'
/home/cereo/.rvm/gems/ruby-3.1.2/gems/bootsnap-1.13.0/lib/bootsnap/load_path_cache/core_ext/kernel_require.rb:32:in `require'
/home/cereo/.rvm/gems/ruby-3.1.2/gems/zeitwerk-2.6.1/lib/zeitwerk/kernel.rb:35:in `require'
/home/cereo/.rvm/gems/ruby-3.1.2/gems/actioncable-7.0.4/lib/action_cable/server/configuration.rb:35:in `pubsub_adapter'
/home/cereo/.rvm/gems/ruby-3.1.2/gems/actioncable-7.0.4/lib/action_cable/server/base.rb:83:in `block in pubsub'
/home/cereo/.rvm/gems/ruby-3.1.2/gems/actioncable-7.0.4/lib/action_cable/server/base.rb:83:in `synchronize'
/home/cereo/.rvm/gems/ruby-3.1.2/gems/actioncable-7.0.4/lib/action_cable/server/base.rb:83:in `pubsub'
/home/cereo/.rvm/gems/ruby-3.1.2/gems/actioncable-7.0.4/lib/action_cable/server/broadcasting.rb:48:in `block in broadcast'
/home/cereo/.rvm/gems/ruby-3.1.2/gems/activesupport-7.0.4/lib/active_support/notifications.rb:208:in `instrument'
/home/cereo/.rvm/gems/ruby-3.1.2/gems/actioncable-7.0.4/lib/action_cable/server/broadcasting.rb:46:in `broadcast'
/home/cereo/.rvm/gems/ruby-3.1.2/gems/actioncable-7.0.4/lib/action_cable/server/broadcasting.rb:25:in `broadcast'
/home/cereo/.rvm/gems/ruby-3.1.2/gems/turbo-rails-1.3.1/app/channels/turbo/streams/broadcasts.rb:80:in `broadcast_stream_to'
/home/cereo/.rvm/gems/ruby-3.1.2/gems/turbo-rails-1.3.1/app/channels/turbo/streams/broadcasts.rb:37:in `broadcast_action_to'
/home/cereo/.rvm/gems/ruby-3.1.2/gems/turbo-rails-1.3.1/app/jobs/turbo/streams/action_broadcast_job.rb:6:in `perform'
/home/cereo/.rvm/gems/ruby-3.1.2/gems/activejob-7.0.4/lib/active_job/execution.rb:59:in `block in _perform_job'
/home/cereo/.rvm/gems/ruby-3.1.2/gems/activesupport-7.0.4/lib/active_support/callbacks.rb:118:in `block in run_callbacks'
/home/cereo/.rvm/gems/ruby-3.1.2/gems/i18n-1.12.0/lib/i18n.rb:322:in `with_locale'
/home/cereo/.rvm/gems/ruby-3.1.2/gems/activejob-7.0.4/lib/active_job/translation.rb:9:in `block (2 levels) in <module:Translation>'
/home/cereo/.rvm/gems/ruby-3.1.2/gems/activesupport-7.0.4/lib/active_support/callbacks.rb:127:in `instance_exec'
/home/cereo/.rvm/gems/ruby-3.1.2/gems/activesupport-7.0.4/lib/active_support/callbacks.rb:127:in `block in run_callbacks'
/home/cereo/.rvm/gems/ruby-3.1.2/gems/activesupport-7.0.4/lib/active_support/core_ext/time/zones.rb:66:in `use_zone'
/home/cereo/.rvm/gems/ruby-3.1.2/gems/activejob-7.0.4/lib/active_job/timezones.rb:9:in `block (2 levels) in <module:Timezones>'
/home/cereo/.rvm/gems/ruby-3.1.2/gems/activesupport-7.0.4/lib/active_support/callbacks.rb:127:in `instance_exec'
/home/cereo/.rvm/gems/ruby-3.1.2/gems/activesupport-7.0.4/lib/active_support/callbacks.rb:127:in `block in run_callbacks'
/home/cereo/.rvm/gems/ruby-3.1.2/gems/activesupport-7.0.4/lib/active_support/callbacks.rb:138:in `run_callbacks'
/home/cereo/.rvm/gems/ruby-3.1.2/gems/activejob-7.0.4/lib/active_job/execution.rb:58:in `_perform_job'
/home/cereo/.rvm/gems/ruby-3.1.2/gems/activejob-7.0.4/lib/active_job/instrumentation.rb:20:in `_perform_job'
/home/cereo/.rvm/gems/ruby-3.1.2/gems/activejob-7.0.4/lib/active_job/execution.rb:46:in `perform_now'
/home/cereo/.rvm/gems/ruby-3.1.2/gems/activejob-7.0.4/lib/active_job/instrumentation.rb:14:in `block in perform_now'
/home/cereo/.rvm/gems/ruby-3.1.2/gems/activejob-7.0.4/lib/active_job/instrumentation.rb:25:in `block in instrument'
/home/cereo/.rvm/gems/ruby-3.1.2/gems/activesupport-7.0.4/lib/active_support/notifications.rb:206:in `block in instrument'
/home/cereo/.rvm/gems/ruby-3.1.2/gems/activesupport-7.0.4/lib/active_support/notifications/instrumenter.rb:24:in `instrument'
/home/cereo/.rvm/gems/ruby-3.1.2/gems/activesupport-7.0.4/lib/active_support/notifications.rb:206:in `instrument'
/home/cereo/.rvm/gems/ruby-3.1.2/gems/activejob-7.0.4/lib/active_job/instrumentation.rb:35:in `instrument'
/home/cereo/.rvm/gems/ruby-3.1.2/gems/activejob-7.0.4/lib/active_job/instrumentation.rb:14:in `perform_now'
/home/cereo/.rvm/gems/ruby-3.1.2/gems/activejob-7.0.4/lib/active_job/logging.rb:18:in `block in perform_now'
/home/cereo/.rvm/gems/ruby-3.1.2/gems/activesupport-7.0.4/lib/active_support/tagged_logging.rb:99:in `block in tagged'
/home/cereo/.rvm/gems/ruby-3.1.2/gems/activesupport-7.0.4/lib/active_support/tagged_logging.rb:37:in `tagged'
/home/cereo/.rvm/gems/ruby-3.1.2/gems/activesupport-7.0.4/lib/active_support/tagged_logging.rb:99:in `tagged'
/home/cereo/.rvm/gems/ruby-3.1.2/gems/activejob-7.0.4/lib/active_job/logging.rb:25:in `tag_logger'
/home/cereo/.rvm/gems/ruby-3.1.2/gems/activejob-7.0.4/lib/active_job/logging.rb:18:in `perform_now'
/home/cereo/.rvm/gems/ruby-3.1.2/gems/activejob-7.0.4/lib/active_job/execution.rb:24:in `block in execute'
/home/cereo/.rvm/gems/ruby-3.1.2/gems/activesupport-7.0.4/lib/active_support/callbacks.rb:118:in `block in run_callbacks'
/home/cereo/.rvm/gems/ruby-3.1.2/gems/activejob-7.0.4/lib/active_job/railtie.rb:54:in `block (4 levels) in <class:Railtie>'
/home/cereo/.rvm/gems/ruby-3.1.2/gems/activesupport-7.0.4/lib/active_support/execution_wrapper.rb:92:in `wrap'
/home/cereo/.rvm/gems/ruby-3.1.2/gems/activesupport-7.0.4/lib/active_support/reloader.rb:72:in `block in wrap'
/home/cereo/.rvm/gems/ruby-3.1.2/gems/activesupport-7.0.4/lib/active_support/execution_wrapper.rb:92:in `wrap'
/home/cereo/.rvm/gems/ruby-3.1.2/gems/activesupport-7.0.4/lib/active_support/reloader.rb:71:in `wrap'
/home/cereo/.rvm/gems/ruby-3.1.2/gems/activejob-7.0.4/lib/active_job/railtie.rb:53:in `block (3 levels) in <class:Railtie>'
/home/cereo/.rvm/gems/ruby-3.1.2/gems/activesupport-7.0.4/lib/active_support/callbacks.rb:127:in `instance_exec'
/home/cereo/.rvm/gems/ruby-3.1.2/gems/activesupport-7.0.4/lib/active_support/callbacks.rb:127:in `block in run_callbacks'
/home/cereo/.rvm/gems/ruby-3.1.2/gems/activesupport-7.0.4/lib/active_support/callbacks.rb:138:in `run_callbacks'
/home/cereo/.rvm/gems/ruby-3.1.2/gems/activejob-7.0.4/lib/active_job/execution.rb:22:in `execute'
/home/cereo/.rvm/gems/ruby-3.1.2/gems/activejob-7.0.4/lib/active_job/queue_adapters/async_adapter.rb:70:in `perform'
/home/cereo/.rvm/gems/ruby-3.1.2/gems/concurrent-ruby-1.1.10/lib/concurrent-ruby/concurrent/executor/ruby_thread_pool_executor.rb:352:in `run_task'
/home/cereo/.rvm/gems/ruby-3.1.2/gems/concurrent-ruby-1.1.10/lib/concurrent-ruby/concurrent/executor/ruby_thread_pool_executor.rb:343:in `block (3 levels) in create_worker'
/home/cereo/.rvm/gems/ruby-3.1.2/gems/concurrent-ruby-1.1.10/lib/concurrent-ruby/concurrent/executor/ruby_thread_pool_executor.rb:334:in `loop'
/home/cereo/.rvm/gems/ruby-3.1.2/gems/concurrent-ruby-1.1.10/lib/concurrent-ruby/concurrent/executor/ruby_thread_pool_executor.rb:334:in `block (2 levels) in create_worker'
/home/cereo/.rvm/gems/ruby-3.1.2/gems/concurrent-ruby-1.1.10/lib/concurrent-ruby/concurrent/executor/ruby_thread_pool_executor.rb:333:in `catch'
/home/cereo/.rvm/gems/ruby-3.1.2/gems/concurrent-ruby-1.1.10/lib/concurrent-ruby/concurrent/executor/ruby_thread_pool_executor.rb:333:in `block in create_worker'
I, [2022-10-18T18:46:48.849930 #136439]  INFO -- : [ActiveJob] [ActionMailer::MailDeliveryJob] [c1e86ae4-e1c8-4f5e-b421-082b5bc4efb7] Performing ActionMailer::MailDeliveryJob (Job ID: c1e86ae4-e1c8-4f5e-b421-082b5bc4efb7) from Async(default) enqueued at 2022-10-18T18:46:48Z with arguments: "CommentsMailer", "submitted", "deliver_now", {:args=>[#<GlobalID:0x00007fefa8196cf8 @uri=#<URI::GID gid://blog/Comment/1>>]}
I, [2022-10-18T18:46:48.856198 #136439]  INFO -- : [ActiveJob] [ActionMailer::MailDeliveryJob] [c1e86ae4-e1c8-4f5e-b421-082b5bc4efb7]   Rendered comments_mailer/submitted.html.erb within layouts/mailer (Duration: 3.7ms | Allocations: 1198)
I, [2022-10-18T18:46:48.856894 #136439]  INFO -- : [ActiveJob] [ActionMailer::MailDeliveryJob] [c1e86ae4-e1c8-4f5e-b421-082b5bc4efb7]   Rendered layout layouts/mailer.html.erb (Duration: 4.4ms | Allocations: 1361)
I, [2022-10-18T18:46:48.857989 #136439]  INFO -- : [ActiveJob] [ActionMailer::MailDeliveryJob] [c1e86ae4-e1c8-4f5e-b421-082b5bc4efb7]   Rendered comments_mailer/submitted.text.erb within layouts/mailer (Duration: 0.5ms | Allocations: 109)
I, [2022-10-18T18:46:48.858594 #136439]  INFO -- : [ActiveJob] [ActionMailer::MailDeliveryJob] [c1e86ae4-e1c8-4f5e-b421-082b5bc4efb7]   Rendered layout layouts/mailer.text.erb (Duration: 1.1ms | Allocations: 234)
I, [2022-10-18T18:46:48.864754 #136439]  INFO -- : [434b70a8-221b-4f34-9c99-b668b5e85bd0] Started GET "/posts/1" for 176.129.104.228 at 2022-10-18 18:46:48 +0000
I, [2022-10-18T18:46:48.865594 #136439]  INFO -- : [434b70a8-221b-4f34-9c99-b668b5e85bd0] Processing by PostsController#show as HTML
I, [2022-10-18T18:46:48.865644 #136439]  INFO -- : [434b70a8-221b-4f34-9c99-b668b5e85bd0]   Parameters: {"id"=>"1"}
I, [2022-10-18T18:46:48.874032 #136439]  INFO -- : [ActiveJob] [ActionMailer::MailDeliveryJob] [c1e86ae4-e1c8-4f5e-b421-082b5bc4efb7] Delivered mail 634ef498d2752_214f75b68185eb@webserv.mail (13.0ms)
E, [2022-10-18T18:46:48.874290 #136439] ERROR -- : [ActiveJob] [ActionMailer::MailDeliveryJob] [c1e86ae4-e1c8-4f5e-b421-082b5bc4efb7] Error performing ActionMailer::MailDeliveryJob (Job ID: c1e86ae4-e1c8-4f5e-b421-082b5bc4efb7) from Async(default) in 25.66ms: Errno::ECONNREFUSED (Connection refused - connect(2) for 127.0.0.1:25):
/usr/share/rvm/rubies/ruby-3.1.2/lib/ruby/3.1.0/socket.rb:1214:in `__connect_nonblock'
/usr/share/rvm/rubies/ruby-3.1.2/lib/ruby/3.1.0/socket.rb:1214:in `connect_nonblock'
/usr/share/rvm/rubies/ruby-3.1.2/lib/ruby/3.1.0/socket.rb:56:in `connect_internal'
/usr/share/rvm/rubies/ruby-3.1.2/lib/ruby/3.1.0/socket.rb:137:in `connect'
/usr/share/rvm/rubies/ruby-3.1.2/lib/ruby/3.1.0/socket.rb:642:in `block in tcp'
/usr/share/rvm/rubies/ruby-3.1.2/lib/ruby/3.1.0/socket.rb:227:in `each'
/usr/share/rvm/rubies/ruby-3.1.2/lib/ruby/3.1.0/socket.rb:227:in `foreach'
/usr/share/rvm/rubies/ruby-3.1.2/lib/ruby/3.1.0/socket.rb:632:in `tcp'
/home/cereo/.rvm/gems/ruby-3.1.2/gems/net-smtp-0.3.2/lib/net/smtp.rb:631:in `tcp_socket'
/home/cereo/.rvm/gems/ruby-3.1.2/gems/net-smtp-0.3.2/lib/net/smtp.rb:644:in `do_start'
/home/cereo/.rvm/gems/ruby-3.1.2/gems/net-smtp-0.3.2/lib/net/smtp.rb:609:in `start'
/home/cereo/.rvm/gems/ruby-3.1.2/gems/mail-2.7.1/lib/mail/network/delivery_methods/smtp.rb:109:in `start_smtp_session'
/home/cereo/.rvm/gems/ruby-3.1.2/gems/mail-2.7.1/lib/mail/network/delivery_methods/smtp.rb:100:in `deliver!'
/home/cereo/.rvm/gems/ruby-3.1.2/gems/mail-2.7.1/lib/mail/message.rb:2159:in `do_delivery'
/home/cereo/.rvm/gems/ruby-3.1.2/gems/mail-2.7.1/lib/mail/message.rb:260:in `block in deliver'
/home/cereo/.rvm/gems/ruby-3.1.2/gems/actionmailer-7.0.4/lib/action_mailer/base.rb:588:in `block in deliver_mail'
/home/cereo/.rvm/gems/ruby-3.1.2/gems/activesupport-7.0.4/lib/active_support/notifications.rb:206:in `block in instrument'
/home/cereo/.rvm/gems/ruby-3.1.2/gems/activesupport-7.0.4/lib/active_support/notifications/instrumenter.rb:24:in `instrument'
/home/cereo/.rvm/gems/ruby-3.1.2/gems/activesupport-7.0.4/lib/active_support/notifications.rb:206:in `instrument'
/home/cereo/.rvm/gems/ruby-3.1.2/gems/actionmailer-7.0.4/lib/action_mailer/base.rb:586:in `deliver_mail'
/home/cereo/.rvm/gems/ruby-3.1.2/gems/mail-2.7.1/lib/mail/message.rb:260:in `deliver'
/home/cereo/.rvm/gems/ruby-3.1.2/gems/actionmailer-7.0.4/lib/action_mailer/message_delivery.rb:119:in `block in deliver_now'
/home/cereo/.rvm/gems/ruby-3.1.2/gems/actionmailer-7.0.4/lib/action_mailer/rescuable.rb:17:in `handle_exceptions'
/home/cereo/.rvm/gems/ruby-3.1.2/gems/actionmailer-7.0.4/lib/action_mailer/message_delivery.rb:118:in `deliver_now'
/home/cereo/.rvm/gems/ruby-3.1.2/gems/actionmailer-7.0.4/lib/action_mailer/mail_delivery_job.rb:23:in `perform'
/home/cereo/.rvm/gems/ruby-3.1.2/gems/activejob-7.0.4/lib/active_job/execution.rb:59:in `block in _perform_job'
/home/cereo/.rvm/gems/ruby-3.1.2/gems/activesupport-7.0.4/lib/active_support/callbacks.rb:118:in `block in run_callbacks'
/home/cereo/.rvm/gems/ruby-3.1.2/gems/i18n-1.12.0/lib/i18n.rb:322:in `with_locale'
/home/cereo/.rvm/gems/ruby-3.1.2/gems/activejob-7.0.4/lib/active_job/translation.rb:9:in `block (2 levels) in <module:Translation>'
/home/cereo/.rvm/gems/ruby-3.1.2/gems/activesupport-7.0.4/lib/active_support/callbacks.rb:127:in `instance_exec'
/home/cereo/.rvm/gems/ruby-3.1.2/gems/activesupport-7.0.4/lib/active_support/callbacks.rb:127:in `block in run_callbacks'
/home/cereo/.rvm/gems/ruby-3.1.2/gems/activesupport-7.0.4/lib/active_support/core_ext/time/zones.rb:66:in `use_zone'
/home/cereo/.rvm/gems/ruby-3.1.2/gems/activejob-7.0.4/lib/active_job/timezones.rb:9:in `block (2 levels) in <module:Timezones>'
/home/cereo/.rvm/gems/ruby-3.1.2/gems/activesupport-7.0.4/lib/active_support/callbacks.rb:127:in `instance_exec'
/home/cereo/.rvm/gems/ruby-3.1.2/gems/activesupport-7.0.4/lib/active_support/callbacks.rb:127:in `block in run_callbacks'
/home/cereo/.rvm/gems/ruby-3.1.2/gems/activesupport-7.0.4/lib/active_support/callbacks.rb:138:in `run_callbacks'
/home/cereo/.rvm/gems/ruby-3.1.2/gems/activejob-7.0.4/lib/active_job/execution.rb:58:in `_perform_job'
/home/cereo/.rvm/gems/ruby-3.1.2/gems/activejob-7.0.4/lib/active_job/instrumentation.rb:20:in `_perform_job'
/home/cereo/.rvm/gems/ruby-3.1.2/gems/activejob-7.0.4/lib/active_job/execution.rb:46:in `perform_now'
/home/cereo/.rvm/gems/ruby-3.1.2/gems/activejob-7.0.4/lib/active_job/instrumentation.rb:14:in `block in perform_now'
/home/cereo/.rvm/gems/ruby-3.1.2/gems/activejob-7.0.4/lib/active_job/instrumentation.rb:25:in `block in instrument'
/home/cereo/.rvm/gems/ruby-3.1.2/gems/activesupport-7.0.4/lib/active_support/notifications.rb:206:in `block in instrument'
/home/cereo/.rvm/gems/ruby-3.1.2/gems/activesupport-7.0.4/lib/active_support/notifications/instrumenter.rb:24:in `instrument'
/home/cereo/.rvm/gems/ruby-3.1.2/gems/activesupport-7.0.4/lib/active_support/notifications.rb:206:in `instrument'
/home/cereo/.rvm/gems/ruby-3.1.2/gems/activejob-7.0.4/lib/active_job/instrumentation.rb:35:in `instrument'
/home/cereo/.rvm/gems/ruby-3.1.2/gems/activejob-7.0.4/lib/active_job/instrumentation.rb:14:in `perform_now'
/home/cereo/.rvm/gems/ruby-3.1.2/gems/activejob-7.0.4/lib/active_job/logging.rb:18:in `block in perform_now'
/home/cereo/.rvm/gems/ruby-3.1.2/gems/activesupport-7.0.4/lib/active_support/tagged_logging.rb:99:in `block in tagged'
/home/cereo/.rvm/gems/ruby-3.1.2/gems/activesupport-7.0.4/lib/active_support/tagged_logging.rb:37:in `tagged'
/home/cereo/.rvm/gems/ruby-3.1.2/gems/activesupport-7.0.4/lib/active_support/tagged_logging.rb:99:in `tagged'
/home/cereo/.rvm/gems/ruby-3.1.2/gems/activejob-7.0.4/lib/active_job/logging.rb:25:in `tag_logger'
/home/cereo/.rvm/gems/ruby-3.1.2/gems/activejob-7.0.4/lib/active_job/logging.rb:18:in `perform_now'
/home/cereo/.rvm/gems/ruby-3.1.2/gems/activejob-7.0.4/lib/active_job/execution.rb:24:in `block in execute'
/home/cereo/.rvm/gems/ruby-3.1.2/gems/activesupport-7.0.4/lib/active_support/callbacks.rb:118:in `block in run_callbacks'
/home/cereo/.rvm/gems/ruby-3.1.2/gems/activejob-7.0.4/lib/active_job/railtie.rb:54:in `block (4 levels) in <class:Railtie>'
/home/cereo/.rvm/gems/ruby-3.1.2/gems/activesupport-7.0.4/lib/active_support/execution_wrapper.rb:92:in `wrap'
/home/cereo/.rvm/gems/ruby-3.1.2/gems/activesupport-7.0.4/lib/active_support/reloader.rb:72:in `block in wrap'
/home/cereo/.rvm/gems/ruby-3.1.2/gems/activesupport-7.0.4/lib/active_support/execution_wrapper.rb:92:in `wrap'
/home/cereo/.rvm/gems/ruby-3.1.2/gems/activesupport-7.0.4/lib/active_support/reloader.rb:71:in `wrap'
/home/cereo/.rvm/gems/ruby-3.1.2/gems/activejob-7.0.4/lib/active_job/railtie.rb:53:in `block (3 levels) in <class:Railtie>'
/home/cereo/.rvm/gems/ruby-3.1.2/gems/activesupport-7.0.4/lib/active_support/callbacks.rb:127:in `instance_exec'
/home/cereo/.rvm/gems/ruby-3.1.2/gems/activesupport-7.0.4/lib/active_support/callbacks.rb:127:in `block in run_callbacks'
/home/cereo/.rvm/gems/ruby-3.1.2/gems/activesupport-7.0.4/lib/active_support/callbacks.rb:138:in `run_callbacks'
/home/cereo/.rvm/gems/ruby-3.1.2/gems/activejob-7.0.4/lib/active_job/execution.rb:22:in `execute'
/home/cereo/.rvm/gems/ruby-3.1.2/gems/activejob-7.0.4/lib/active_job/queue_adapters/async_adapter.rb:70:in `perform'
/home/cereo/.rvm/gems/ruby-3.1.2/gems/concurrent-ruby-1.1.10/lib/concurrent-ruby/concurrent/executor/ruby_thread_pool_executor.rb:352:in `run_task'
/home/cereo/.rvm/gems/ruby-3.1.2/gems/concurrent-ruby-1.1.10/lib/concurrent-ruby/concurrent/executor/ruby_thread_pool_executor.rb:343:in `block (3 levels) in create_worker'
/home/cereo/.rvm/gems/ruby-3.1.2/gems/concurrent-ruby-1.1.10/lib/concurrent-ruby/concurrent/executor/ruby_thread_pool_executor.rb:334:in `loop'
/home/cereo/.rvm/gems/ruby-3.1.2/gems/concurrent-ruby-1.1.10/lib/concurrent-ruby/concurrent/executor/ruby_thread_pool_executor.rb:334:in `block (2 levels) in create_worker'
/home/cereo/.rvm/gems/ruby-3.1.2/gems/concurrent-ruby-1.1.10/lib/concurrent-ruby/concurrent/executor/ruby_thread_pool_executor.rb:333:in `catch'
/home/cereo/.rvm/gems/ruby-3.1.2/gems/concurrent-ruby-1.1.10/lib/concurrent-ruby/concurrent/executor/ruby_thread_pool_executor.rb:333:in `block in create_worker'
I, [2022-10-18T18:46:48.877415 #136439]  INFO -- : [434b70a8-221b-4f34-9c99-b668b5e85bd0]   Rendered posts/show.html.erb within layouts/application (Duration: 10.0ms | Allocations: 3321)
I, [2022-10-18T18:46:48.878488 #136439]  INFO -- : [434b70a8-221b-4f34-9c99-b668b5e85bd0]   Rendered layout layouts/application.html.erb (Duration: 11.1ms | Allocations: 3878)
I, [2022-10-18T18:46:48.878758 #136439]  INFO -- : [434b70a8-221b-4f34-9c99-b668b5e85bd0] Completed 200 OK in 13ms (Views: 11.0ms | ActiveRecord: 1.1ms | Allocations: 4364)
I, [2022-10-18T18:46:52.473145 #136439]  INFO -- : [1160b0aa-5329-4b1e-9fb3-b6ecd799ae3e] Started DELETE "/posts/1" for 176.129.104.228 at 2022-10-18 18:46:52 +0000
I, [2022-10-18T18:46:52.474208 #136439]  INFO -- : [1160b0aa-5329-4b1e-9fb3-b6ecd799ae3e] Processing by PostsController#destroy as HTML
I, [2022-10-18T18:46:52.474734 #136439]  INFO -- : [1160b0aa-5329-4b1e-9fb3-b6ecd799ae3e]   Parameters: {"authenticity_token"=>"[FILTERED]", "id"=>"1"}
I, [2022-10-18T18:46:52.495891 #136439]  INFO -- : [1160b0aa-5329-4b1e-9fb3-b6ecd799ae3e] Completed 500 Internal Server Error in 21ms (ActiveRecord: 6.6ms | Allocations: 2854)
F, [2022-10-18T18:46:52.497235 #136439] FATAL -- : [1160b0aa-5329-4b1e-9fb3-b6ecd799ae3e]   
[1160b0aa-5329-4b1e-9fb3-b6ecd799ae3e] Gem::LoadError (Error loading the 'redis' Action Cable pubsub adapter. Missing a gem it depends on? redis is not part of the bundle. Add it to your Gemfile.):
[1160b0aa-5329-4b1e-9fb3-b6ecd799ae3e]   
[1160b0aa-5329-4b1e-9fb3-b6ecd799ae3e] app/controllers/posts_controller.rb:52:in `destroy'
W, [2022-10-18T18:50:28.736978 #136488]  WARN -- : You are running SQLite in production, this is generally not recommended. You can disable this warning by setting "config.active_record.sqlite3_production_warning=false".
W, [2022-10-18T18:50:55.868630 #136499]  WARN -- : You are running SQLite in production, this is generally not recommended. You can disable this warning by setting "config.active_record.sqlite3_production_warning=false".
I, [2022-10-18T19:22:38.309873 #137533]  INFO -- : [d0030714-ab91-44f6-a758-b5f3a18b2167] Started GET "/posts/1" for 176.129.104.228 at 2022-10-18 19:22:38 +0000
I, [2022-10-18T19:22:38.311349 #137533]  INFO -- : [d0030714-ab91-44f6-a758-b5f3a18b2167] Processing by PostsController#show as HTML
I, [2022-10-18T19:22:38.311413 #137533]  INFO -- : [d0030714-ab91-44f6-a758-b5f3a18b2167]   Parameters: {"id"=>"1"}
I, [2022-10-18T19:22:38.351652 #137533]  INFO -- : [d0030714-ab91-44f6-a758-b5f3a18b2167] Completed 404 Not Found in 40ms (ActiveRecord: 27.6ms | Allocations: 5829)
F, [2022-10-18T19:22:38.352154 #137533] FATAL -- : [d0030714-ab91-44f6-a758-b5f3a18b2167]   
[d0030714-ab91-44f6-a758-b5f3a18b2167] ActiveRecord::RecordNotFound (Couldn't find Post with 'id'=1):
[d0030714-ab91-44f6-a758-b5f3a18b2167]   
[d0030714-ab91-44f6-a758-b5f3a18b2167] app/controllers/posts_controller.rb:63:in `set_post'
I, [2022-10-18T19:22:39.537218 #137533]  INFO -- : [27112efb-5c9d-494a-94ee-bc981b9c787f] Started GET "/posts" for 176.129.104.228 at 2022-10-18 19:22:39 +0000
I, [2022-10-18T19:22:39.538366 #137533]  INFO -- : [27112efb-5c9d-494a-94ee-bc981b9c787f] Processing by PostsController#index as HTML
I, [2022-10-18T19:22:39.546225 #137533]  INFO -- : [27112efb-5c9d-494a-94ee-bc981b9c787f]   Rendered posts/index.html.erb within layouts/application (Duration: 5.2ms | Allocations: 1046)
I, [2022-10-18T19:22:39.579045 #137533]  INFO -- : [27112efb-5c9d-494a-94ee-bc981b9c787f]   Rendered layout layouts/application.html.erb (Duration: 38.1ms | Allocations: 3469)
I, [2022-10-18T19:22:39.591074 #137533]  INFO -- : [27112efb-5c9d-494a-94ee-bc981b9c787f] Completed 200 OK in 53ms (Views: 39.2ms | ActiveRecord: 0.2ms | Allocations: 4669)
I, [2022-10-18T19:22:39.645501 #137533]  INFO -- : [25f70ac9-7fe0-45e9-8821-8728c66eb584] Started GET "/assets/application-d6621387afbaa9aeda81878a0cca16e410cbe7e45f668e6edc1a0d4750fca4e0.css" for 176.129.104.228 at 2022-10-18 19:22:39 +0000
F, [2022-10-18T19:22:39.648185 #137533] FATAL -- : [25f70ac9-7fe0-45e9-8821-8728c66eb584]   
[25f70ac9-7fe0-45e9-8821-8728c66eb584] ActionController::RoutingError (No route matches [GET] "/assets/application-d6621387afbaa9aeda81878a0cca16e410cbe7e45f668e6edc1a0d4750fca4e0.css"):
[25f70ac9-7fe0-45e9-8821-8728c66eb584]   
I, [2022-10-18T19:22:39.646225 #137533]  INFO -- : [a8d0dd87-b658-40f4-b3fa-a5b4bbf8ea11] Started GET "/assets/es-module-shims.min-d89e73202ec09dede55fb74115af9c5f9f2bb965433de1c2446e1faa6dac2470.js" for 176.129.104.228 at 2022-10-18 19:22:39 +0000
F, [2022-10-18T19:22:39.649147 #137533] FATAL -- : [a8d0dd87-b658-40f4-b3fa-a5b4bbf8ea11]   
[a8d0dd87-b658-40f4-b3fa-a5b4bbf8ea11] ActionController::RoutingError (No route matches [GET] "/assets/es-module-shims.min-d89e73202ec09dede55fb74115af9c5f9f2bb965433de1c2446e1faa6dac2470.js"):
[a8d0dd87-b658-40f4-b3fa-a5b4bbf8ea11]   
I, [2022-10-18T19:22:40.878857 #137533]  INFO -- : [bc1e7c1e-1450-467e-b57b-c6ac3d6bbb82] Started GET "/posts/new" for 176.129.104.228 at 2022-10-18 19:22:40 +0000
I, [2022-10-18T19:22:40.880320 #137533]  INFO -- : [bc1e7c1e-1450-467e-b57b-c6ac3d6bbb82] Processing by PostsController#new as HTML
I, [2022-10-18T19:22:40.901403 #137533]  INFO -- : [bc1e7c1e-1450-467e-b57b-c6ac3d6bbb82]   Rendered posts/new.html.erb within layouts/application (Duration: 16.2ms | Allocations: 7052)
I, [2022-10-18T19:22:40.902575 #137533]  INFO -- : [bc1e7c1e-1450-467e-b57b-c6ac3d6bbb82]   Rendered layout layouts/application.html.erb (Duration: 17.4ms | Allocations: 7647)
I, [2022-10-18T19:22:40.902871 #137533]  INFO -- : [bc1e7c1e-1450-467e-b57b-c6ac3d6bbb82] Completed 200 OK in 22ms (Views: 15.2ms | ActiveRecord: 2.6ms | Allocations: 10678)
I, [2022-10-18T21:37:26.093615 #73187]  INFO -- : [869de030-b72e-42c9-aedd-1cc59193df55] Started GET "/" for 127.0.0.1 at 2022-10-18 21:37:26 +0200
I, [2022-10-18T21:37:26.095564 #73187]  INFO -- : [869de030-b72e-42c9-aedd-1cc59193df55] Processing by PostsController#index as HTML
I, [2022-10-18T21:37:26.105634 #73187]  INFO -- : [869de030-b72e-42c9-aedd-1cc59193df55]   Rendered posts/index.html.erb within layouts/application (Duration: 5.5ms | Allocations: 2460)
I, [2022-10-18T21:37:26.105772 #73187]  INFO -- : [869de030-b72e-42c9-aedd-1cc59193df55]   Rendered layout layouts/application.html.erb (Duration: 5.8ms | Allocations: 2527)
I, [2022-10-18T21:37:26.105950 #73187]  INFO -- : [869de030-b72e-42c9-aedd-1cc59193df55] Completed 500 Internal Server Error in 10ms (Allocations: 4044)
F, [2022-10-18T21:37:26.115527 #73187] FATAL -- : [869de030-b72e-42c9-aedd-1cc59193df55]   
[869de030-b72e-42c9-aedd-1cc59193df55] ActionView::Template::Error (connection to server on socket "/tmp/.s.PGSQL.5432" failed: No such file or directory
	Is the server running locally and accepting connections on that socket?
):
[869de030-b72e-42c9-aedd-1cc59193df55]     3: <h1>Posts</h1>
[869de030-b72e-42c9-aedd-1cc59193df55]     4: 
[869de030-b72e-42c9-aedd-1cc59193df55]     5: <div id="posts">
[869de030-b72e-42c9-aedd-1cc59193df55]     6:   <% @posts.each do |post| %>
[869de030-b72e-42c9-aedd-1cc59193df55]     7:     <%= render post %>
[869de030-b72e-42c9-aedd-1cc59193df55]     8:     <p>
[869de030-b72e-42c9-aedd-1cc59193df55]     9:       <%= link_to "Show this post", post %>
[869de030-b72e-42c9-aedd-1cc59193df55]   
[869de030-b72e-42c9-aedd-1cc59193df55] app/views/posts/index.html.erb:6
I, [2022-10-18T21:43:50.602485 #75576]  INFO -- : [08bade45-83e1-4a65-bdd5-f697d746570f] Started GET "/" for 127.0.0.1 at 2022-10-18 21:43:50 +0200
I, [2022-10-18T21:43:50.605587 #75576]  INFO -- : [08bade45-83e1-4a65-bdd5-f697d746570f] Processing by PostsController#index as HTML
I, [2022-10-18T21:43:50.642057 #75576]  INFO -- : [08bade45-83e1-4a65-bdd5-f697d746570f]   Rendered posts/index.html.erb within layouts/application (Duration: 31.4ms | Allocations: 5459)
I, [2022-10-18T21:43:50.642251 #75576]  INFO -- : [08bade45-83e1-4a65-bdd5-f697d746570f]   Rendered layout layouts/application.html.erb (Duration: 31.7ms | Allocations: 5523)
I, [2022-10-18T21:43:50.642688 #75576]  INFO -- : [08bade45-83e1-4a65-bdd5-f697d746570f] Completed 500 Internal Server Error in 37ms (ActiveRecord: 9.2ms | Allocations: 7050)
F, [2022-10-18T21:43:50.644234 #75576] FATAL -- : [08bade45-83e1-4a65-bdd5-f697d746570f]   
[08bade45-83e1-4a65-bdd5-f697d746570f] ActionView::Template::Error (PG::UndefinedTable: ERROR:  relation "posts" does not exist
LINE 1: SELECT "posts".* FROM "posts"
                              ^
):
[08bade45-83e1-4a65-bdd5-f697d746570f]     3: <h1>Posts</h1>
[08bade45-83e1-4a65-bdd5-f697d746570f]     4: 
[08bade45-83e1-4a65-bdd5-f697d746570f]     5: <div id="posts">
[08bade45-83e1-4a65-bdd5-f697d746570f]     6:   <% @posts.each do |post| %>
[08bade45-83e1-4a65-bdd5-f697d746570f]     7:     <%= render post %>
[08bade45-83e1-4a65-bdd5-f697d746570f]     8:     <p>
[08bade45-83e1-4a65-bdd5-f697d746570f]     9:       <%= link_to "Show this post", post %>
[08bade45-83e1-4a65-bdd5-f697d746570f]   
[08bade45-83e1-4a65-bdd5-f697d746570f] app/views/posts/index.html.erb:6
I, [2022-10-18T21:43:51.551489 #75576]  INFO -- : [9394c19c-b311-4e20-b8c3-22a4d96980c9] Started GET "/" for 127.0.0.1 at 2022-10-18 21:43:51 +0200
I, [2022-10-18T21:43:51.552353 #75576]  INFO -- : [9394c19c-b311-4e20-b8c3-22a4d96980c9] Processing by PostsController#index as HTML
I, [2022-10-18T21:43:51.555930 #75576]  INFO -- : [9394c19c-b311-4e20-b8c3-22a4d96980c9]   Rendered posts/index.html.erb within layouts/application (Duration: 2.7ms | Allocations: 1100)
I, [2022-10-18T21:43:51.556018 #75576]  INFO -- : [9394c19c-b311-4e20-b8c3-22a4d96980c9]   Rendered layout layouts/application.html.erb (Duration: 2.8ms | Allocations: 1132)
I, [2022-10-18T21:43:51.556180 #75576]  INFO -- : [9394c19c-b311-4e20-b8c3-22a4d96980c9] Completed 500 Internal Server Error in 4ms (ActiveRecord: 0.6ms | Allocations: 1377)
F, [2022-10-18T21:43:51.557926 #75576] FATAL -- : [9394c19c-b311-4e20-b8c3-22a4d96980c9]   
[9394c19c-b311-4e20-b8c3-22a4d96980c9] ActionView::Template::Error (PG::UndefinedTable: ERROR:  relation "posts" does not exist
LINE 1: SELECT "posts".* FROM "posts"
                              ^
):
[9394c19c-b311-4e20-b8c3-22a4d96980c9]     3: <h1>Posts</h1>
[9394c19c-b311-4e20-b8c3-22a4d96980c9]     4: 
[9394c19c-b311-4e20-b8c3-22a4d96980c9]     5: <div id="posts">
[9394c19c-b311-4e20-b8c3-22a4d96980c9]     6:   <% @posts.each do |post| %>
[9394c19c-b311-4e20-b8c3-22a4d96980c9]     7:     <%= render post %>
[9394c19c-b311-4e20-b8c3-22a4d96980c9]     8:     <p>
[9394c19c-b311-4e20-b8c3-22a4d96980c9]     9:       <%= link_to "Show this post", post %>
[9394c19c-b311-4e20-b8c3-22a4d96980c9]   
[9394c19c-b311-4e20-b8c3-22a4d96980c9] app/views/posts/index.html.erb:6
I, [2022-10-18T21:46:07.385617 #75601]  INFO -- : [0a935f23-9342-4cc6-8e4c-628bd18663fd] Started GET "/" for 127.0.0.1 at 2022-10-18 21:46:07 +0200
I, [2022-10-18T21:46:07.387738 #75601]  INFO -- : [0a935f23-9342-4cc6-8e4c-628bd18663fd] Processing by PostsController#index as HTML
I, [2022-10-18T21:46:07.435516 #75601]  INFO -- : [0a935f23-9342-4cc6-8e4c-628bd18663fd]   Rendered posts/index.html.erb within layouts/application (Duration: 40.3ms | Allocations: 5459)
I, [2022-10-18T21:46:07.435676 #75601]  INFO -- : [0a935f23-9342-4cc6-8e4c-628bd18663fd]   Rendered layout layouts/application.html.erb (Duration: 40.6ms | Allocations: 5523)
I, [2022-10-18T21:46:07.436069 #75601]  INFO -- : [0a935f23-9342-4cc6-8e4c-628bd18663fd] Completed 500 Internal Server Error in 48ms (ActiveRecord: 9.1ms | Allocations: 7051)
F, [2022-10-18T21:46:07.437545 #75601] FATAL -- : [0a935f23-9342-4cc6-8e4c-628bd18663fd]   
[0a935f23-9342-4cc6-8e4c-628bd18663fd] ActionView::Template::Error (PG::UndefinedTable: ERROR:  relation "posts" does not exist
LINE 1: SELECT "posts".* FROM "posts"
                              ^
):
[0a935f23-9342-4cc6-8e4c-628bd18663fd]     3: <h1>Posts</h1>
[0a935f23-9342-4cc6-8e4c-628bd18663fd]     4: 
[0a935f23-9342-4cc6-8e4c-628bd18663fd]     5: <div id="posts">
[0a935f23-9342-4cc6-8e4c-628bd18663fd]     6:   <% @posts.each do |post| %>
[0a935f23-9342-4cc6-8e4c-628bd18663fd]     7:     <%= render post %>
[0a935f23-9342-4cc6-8e4c-628bd18663fd]     8:     <p>
[0a935f23-9342-4cc6-8e4c-628bd18663fd]     9:       <%= link_to "Show this post", post %>
[0a935f23-9342-4cc6-8e4c-628bd18663fd]   
[0a935f23-9342-4cc6-8e4c-628bd18663fd] app/views/posts/index.html.erb:6
I, [2022-10-18T21:46:08.231309 #75601]  INFO -- : [2880c8ba-75eb-4a2e-9966-ae348bea71e8] Started GET "/" for 127.0.0.1 at 2022-10-18 21:46:08 +0200
I, [2022-10-18T21:46:08.232265 #75601]  INFO -- : [2880c8ba-75eb-4a2e-9966-ae348bea71e8] Processing by PostsController#index as HTML
I, [2022-10-18T21:46:08.236969 #75601]  INFO -- : [2880c8ba-75eb-4a2e-9966-ae348bea71e8]   Rendered posts/index.html.erb within layouts/application (Duration: 3.7ms | Allocations: 1100)
I, [2022-10-18T21:46:08.237126 #75601]  INFO -- : [2880c8ba-75eb-4a2e-9966-ae348bea71e8]   Rendered layout layouts/application.html.erb (Duration: 3.9ms | Allocations: 1132)
I, [2022-10-18T21:46:08.237383 #75601]  INFO -- : [2880c8ba-75eb-4a2e-9966-ae348bea71e8] Completed 500 Internal Server Error in 5ms (ActiveRecord: 0.9ms | Allocations: 1377)
F, [2022-10-18T21:46:08.239647 #75601] FATAL -- : [2880c8ba-75eb-4a2e-9966-ae348bea71e8]   
[2880c8ba-75eb-4a2e-9966-ae348bea71e8] ActionView::Template::Error (PG::UndefinedTable: ERROR:  relation "posts" does not exist
LINE 1: SELECT "posts".* FROM "posts"
                              ^
):
[2880c8ba-75eb-4a2e-9966-ae348bea71e8]     3: <h1>Posts</h1>
[2880c8ba-75eb-4a2e-9966-ae348bea71e8]     4: 
[2880c8ba-75eb-4a2e-9966-ae348bea71e8]     5: <div id="posts">
[2880c8ba-75eb-4a2e-9966-ae348bea71e8]     6:   <% @posts.each do |post| %>
[2880c8ba-75eb-4a2e-9966-ae348bea71e8]     7:     <%= render post %>
[2880c8ba-75eb-4a2e-9966-ae348bea71e8]     8:     <p>
[2880c8ba-75eb-4a2e-9966-ae348bea71e8]     9:       <%= link_to "Show this post", post %>
[2880c8ba-75eb-4a2e-9966-ae348bea71e8]   
[2880c8ba-75eb-4a2e-9966-ae348bea71e8] app/views/posts/index.html.erb:6
I, [2022-10-18T21:53:58.372047 #75744]  INFO -- : [dc491d4b-33af-452c-b9b1-12a84e837396] Started GET "/posts/new" for 127.0.0.1 at 2022-10-18 21:53:58 +0200
I, [2022-10-18T21:53:58.375385 #75744]  INFO -- : [dc491d4b-33af-452c-b9b1-12a84e837396] Processing by PostsController#new as HTML
I, [2022-10-18T21:53:58.448519 #75744]  INFO -- : [dc491d4b-33af-452c-b9b1-12a84e837396]   Rendered posts/new.html.erb within layouts/application (Duration: 25.9ms | Allocations: 8453)
I, [2022-10-18T21:53:58.451939 #75744]  INFO -- : [dc491d4b-33af-452c-b9b1-12a84e837396]   Rendered layout layouts/application.html.erb (Duration: 29.4ms | Allocations: 10950)
I, [2022-10-18T21:53:58.452269 #75744]  INFO -- : [dc491d4b-33af-452c-b9b1-12a84e837396] Completed 200 OK in 76ms (Views: 28.7ms | ActiveRecord: 20.4ms | Allocations: 19508)
I, [2022-10-18T21:58:43.013692 #75800]  INFO -- : [b88aec49-db23-4e72-90a5-2533822995cf] Started GET "/posts" for 127.0.0.1 at 2022-10-18 21:58:43 +0200
I, [2022-10-18T21:58:43.016292 #75800]  INFO -- : [b88aec49-db23-4e72-90a5-2533822995cf] Processing by PostsController#index as HTML
I, [2022-10-18T21:58:43.047643 #75800]  INFO -- : [b88aec49-db23-4e72-90a5-2533822995cf]   Rendered posts/index.html.erb within layouts/application (Duration: 26.3ms | Allocations: 4935)
I, [2022-10-18T21:58:43.052860 #75800]  INFO -- : [b88aec49-db23-4e72-90a5-2533822995cf]   Rendered layout layouts/application.html.erb (Duration: 31.7ms | Allocations: 7491)
I, [2022-10-18T21:58:43.053267 #75800]  INFO -- : [b88aec49-db23-4e72-90a5-2533822995cf] Completed 200 OK in 37ms (Views: 33.8ms | ActiveRecord: 8.9ms | Allocations: 9066)
I, [2022-10-18T21:58:45.019194 #75800]  INFO -- : [b09974bc-d872-4687-9908-8ae16379be1a] Started GET "/posts/new" for 127.0.0.1 at 2022-10-18 21:58:45 +0200
I, [2022-10-18T21:58:45.020105 #75800]  INFO -- : [b09974bc-d872-4687-9908-8ae16379be1a] Processing by PostsController#new as HTML
I, [2022-10-18T21:58:45.062104 #75800]  INFO -- : [b09974bc-d872-4687-9908-8ae16379be1a]   Rendered posts/new.html.erb within layouts/application (Duration: 23.3ms | Allocations: 7091)
I, [2022-10-18T21:58:45.063369 #75800]  INFO -- : [b09974bc-d872-4687-9908-8ae16379be1a]   Rendered layout layouts/application.html.erb (Duration: 24.6ms | Allocations: 7682)
I, [2022-10-18T21:58:45.063644 #75800]  INFO -- : [b09974bc-d872-4687-9908-8ae16379be1a] Completed 200 OK in 43ms (Views: 21.0ms | ActiveRecord: 11.9ms | Allocations: 11509)
I, [2022-10-18T21:58:48.856783 #75800]  INFO -- : [520f6e0f-45ec-44da-8132-23a940850a0d] Started POST "/posts" for 127.0.0.1 at 2022-10-18 21:58:48 +0200
I, [2022-10-18T21:58:48.858232 #75800]  INFO -- : [520f6e0f-45ec-44da-8132-23a940850a0d] Processing by PostsController#create as HTML
I, [2022-10-18T21:58:48.858332 #75800]  INFO -- : [520f6e0f-45ec-44da-8132-23a940850a0d]   Parameters: {"authenticity_token"=>"[FILTERED]", "post"=>{"title"=>"test echou", "content"=>""}, "commit"=>"Create Post"}
I, [2022-10-18T21:58:48.874400 #75800]  INFO -- : [520f6e0f-45ec-44da-8132-23a940850a0d] Redirected to http://localhost:3000/posts/1
I, [2022-10-18T21:58:48.874574 #75800]  INFO -- : [520f6e0f-45ec-44da-8132-23a940850a0d] Completed 302 Found in 16ms (ActiveRecord: 3.6ms | Allocations: 4471)
I, [2022-10-18T21:58:48.880430 #75800]  INFO -- : [a7492e9b-a621-40ff-8401-635eadf6a8ec] Started GET "/posts/1" for 127.0.0.1 at 2022-10-18 21:58:48 +0200
I, [2022-10-18T21:58:48.881345 #75800]  INFO -- : [a7492e9b-a621-40ff-8401-635eadf6a8ec] Processing by PostsController#show as HTML
I, [2022-10-18T21:58:48.881409 #75800]  INFO -- : [a7492e9b-a621-40ff-8401-635eadf6a8ec]   Parameters: {"id"=>"1"}
I, [2022-10-18T21:58:48.929199 #75800]  INFO -- : [a7492e9b-a621-40ff-8401-635eadf6a8ec]   Rendered posts/show.html.erb within layouts/application (Duration: 44.2ms | Allocations: 6828)
I, [2022-10-18T21:58:48.929705 #75800]  INFO -- : [a7492e9b-a621-40ff-8401-635eadf6a8ec]   Rendered layout layouts/application.html.erb (Duration: 44.8ms | Allocations: 7391)
I, [2022-10-18T21:58:48.929859 #75800]  INFO -- : [a7492e9b-a621-40ff-8401-635eadf6a8ec] Completed 200 OK in 48ms (Views: 39.9ms | ActiveRecord: 5.8ms | Allocations: 8215)
I, [2022-10-18T21:59:03.206561 #75800]  INFO -- : [e18c247d-bd69-4342-8728-e172d4b0ba1a] Started POST "/posts/1/comments" for 127.0.0.1 at 2022-10-18 21:59:03 +0200
I, [2022-10-18T21:59:03.207631 #75800]  INFO -- : [e18c247d-bd69-4342-8728-e172d4b0ba1a] Processing by CommentsController#create as HTML
I, [2022-10-18T21:59:03.207686 #75800]  INFO -- : [e18c247d-bd69-4342-8728-e172d4b0ba1a]   Parameters: {"authenticity_token"=>"[FILTERED]", "comment"=>{"content"=>"au commentaire car le test a chou"}, "commit"=>"Create Comment", "post_id"=>"1"}
I, [2022-10-18T21:59:03.219312 #75800]  INFO -- : [e18c247d-bd69-4342-8728-e172d4b0ba1a] [ActiveJob] Enqueued Turbo::Streams::ActionBroadcastJob (Job ID: 54188ac8-364f-44ab-a4ce-e4d9a7c94310) to Async(default) with arguments: "Z2lkOi8vYmxvZy9Qb3N0LzE", {:action=>:append, :target=>"comments", :targets=>nil, :locals=>{:comment=>#<GlobalID:0x000000010780b418 @uri=#<URI::GID gid://blog/Comment/1>>}, :partial=>"comments/comment"}
I, [2022-10-18T21:59:03.226379 #75800]  INFO -- : [e18c247d-bd69-4342-8728-e172d4b0ba1a] [ActiveJob] Enqueued ActionMailer::MailDeliveryJob (Job ID: 4ce70f66-ad14-4927-ace7-788d2c1e54cb) to Async(default) with arguments: "CommentsMailer", "submitted", "deliver_now", {:args=>[#<GlobalID:0x000000010799a130 @uri=#<URI::GID gid://blog/Comment/1>>]}
I, [2022-10-18T21:59:03.228062 #75800]  INFO -- : [e18c247d-bd69-4342-8728-e172d4b0ba1a] Redirected to http://localhost:3000/posts/1
I, [2022-10-18T21:59:03.228357 #75800]  INFO -- : [e18c247d-bd69-4342-8728-e172d4b0ba1a] Completed 302 Found in 21ms (ActiveRecord: 3.0ms | Allocations: 5085)
I, [2022-10-18T21:59:03.236757 #75800]  INFO -- : [9e31a809-fc83-42f6-95aa-a568c59d32b4] Started GET "/posts/1" for 127.0.0.1 at 2022-10-18 21:59:03 +0200
I, [2022-10-18T21:59:03.238115 #75800]  INFO -- : [9e31a809-fc83-42f6-95aa-a568c59d32b4] Processing by PostsController#show as HTML
I, [2022-10-18T21:59:03.238509 #75800]  INFO -- : [9e31a809-fc83-42f6-95aa-a568c59d32b4]   Parameters: {"id"=>"1"}
I, [2022-10-18T21:59:03.250976 #75800]  INFO -- : [ActiveJob] [Turbo::Streams::ActionBroadcastJob] [54188ac8-364f-44ab-a4ce-e4d9a7c94310] Performing Turbo::Streams::ActionBroadcastJob (Job ID: 54188ac8-364f-44ab-a4ce-e4d9a7c94310) from Async(default) enqueued at 2022-10-18T19:59:03Z with arguments: "Z2lkOi8vYmxvZy9Qb3N0LzE", {:action=>:append, :target=>"comments", :targets=>nil, :locals=>{:comment=>#<GlobalID:0x0000000107dc59f8 @uri=#<URI::GID gid://blog/Comment/1>>}, :partial=>"comments/comment"}
I, [2022-10-18T21:59:03.252578 #75800]  INFO -- : [ActiveJob] [ActionMailer::MailDeliveryJob] [4ce70f66-ad14-4927-ace7-788d2c1e54cb] Performing ActionMailer::MailDeliveryJob (Job ID: 4ce70f66-ad14-4927-ace7-788d2c1e54cb) from Async(default) enqueued at 2022-10-18T19:59:03Z with arguments: "CommentsMailer", "submitted", "deliver_now", {:args=>[#<GlobalID:0x0000000107d461a8 @uri=#<URI::GID gid://blog/Comment/1>>]}
I, [2022-10-18T21:59:03.254797 #75800]  INFO -- : [9e31a809-fc83-42f6-95aa-a568c59d32b4]   Rendered posts/show.html.erb within layouts/application (Duration: 13.1ms | Allocations: 4926)
I, [2022-10-18T21:59:03.260103 #75800]  INFO -- : [9e31a809-fc83-42f6-95aa-a568c59d32b4]   Rendered layout layouts/application.html.erb (Duration: 18.4ms | Allocations: 7360)
E, [2022-10-18T21:59:03.259538 #75800] ERROR -- : [ActiveJob] [Turbo::Streams::ActionBroadcastJob] [54188ac8-364f-44ab-a4ce-e4d9a7c94310] Error performing Turbo::Streams::ActionBroadcastJob (Job ID: 54188ac8-364f-44ab-a4ce-e4d9a7c94310) from Async(default) in 39.53ms: Gem::LoadError (Error loading the 'redis' Action Cable pubsub adapter. Missing a gem it depends on? redis is not part of the bundle. Add it to your Gemfile.):
/Users/davidstern/.rvm/gems/ruby-3.1.2/gems/bundler-2.3.24/lib/bundler/rubygems_integration.rb:280:in `block (2 levels) in replace_gem'
/Users/davidstern/.rvm/gems/ruby-3.1.2/gems/actioncable-7.0.4/lib/action_cable/subscription_adapter/redis.rb:5:in `<main>'
/Users/davidstern/.rvm/gems/ruby-3.1.2/gems/bootsnap-1.13.0/lib/bootsnap/load_path_cache/core_ext/kernel_require.rb:32:in `require'
/Users/davidstern/.rvm/gems/ruby-3.1.2/gems/bootsnap-1.13.0/lib/bootsnap/load_path_cache/core_ext/kernel_require.rb:32:in `require'
/Users/davidstern/.rvm/gems/ruby-3.1.2/gems/zeitwerk-2.6.1/lib/zeitwerk/kernel.rb:35:in `require'
/Users/davidstern/.rvm/gems/ruby-3.1.2/gems/actioncable-7.0.4/lib/action_cable/server/configuration.rb:35:in `pubsub_adapter'
/Users/davidstern/.rvm/gems/ruby-3.1.2/gems/actioncable-7.0.4/lib/action_cable/server/base.rb:83:in `block in pubsub'
/Users/davidstern/.rvm/gems/ruby-3.1.2/gems/actioncable-7.0.4/lib/action_cable/server/base.rb:83:in `synchronize'
/Users/davidstern/.rvm/gems/ruby-3.1.2/gems/actioncable-7.0.4/lib/action_cable/server/base.rb:83:in `pubsub'
/Users/davidstern/.rvm/gems/ruby-3.1.2/gems/actioncable-7.0.4/lib/action_cable/server/broadcasting.rb:48:in `block in broadcast'
/Users/davidstern/.rvm/gems/ruby-3.1.2/gems/activesupport-7.0.4/lib/active_support/notifications.rb:208:in `instrument'
/Users/davidstern/.rvm/gems/ruby-3.1.2/gems/actioncable-7.0.4/lib/action_cable/server/broadcasting.rb:46:in `broadcast'
/Users/davidstern/.rvm/gems/ruby-3.1.2/gems/actioncable-7.0.4/lib/action_cable/server/broadcasting.rb:25:in `broadcast'
/Users/davidstern/.rvm/gems/ruby-3.1.2/gems/turbo-rails-1.3.1/app/channels/turbo/streams/broadcasts.rb:80:in `broadcast_stream_to'
/Users/davidstern/.rvm/gems/ruby-3.1.2/gems/turbo-rails-1.3.1/app/channels/turbo/streams/broadcasts.rb:37:in `broadcast_action_to'
/Users/davidstern/.rvm/gems/ruby-3.1.2/gems/turbo-rails-1.3.1/app/jobs/turbo/streams/action_broadcast_job.rb:6:in `perform'
/Users/davidstern/.rvm/gems/ruby-3.1.2/gems/activejob-7.0.4/lib/active_job/execution.rb:59:in `block in _perform_job'
/Users/davidstern/.rvm/gems/ruby-3.1.2/gems/activesupport-7.0.4/lib/active_support/callbacks.rb:118:in `block in run_callbacks'
/Users/davidstern/.rvm/gems/ruby-3.1.2/gems/i18n-1.12.0/lib/i18n.rb:322:in `with_locale'
/Users/davidstern/.rvm/gems/ruby-3.1.2/gems/activejob-7.0.4/lib/active_job/translation.rb:9:in `block (2 levels) in <module:Translation>'
/Users/davidstern/.rvm/gems/ruby-3.1.2/gems/activesupport-7.0.4/lib/active_support/callbacks.rb:127:in `instance_exec'
/Users/davidstern/.rvm/gems/ruby-3.1.2/gems/activesupport-7.0.4/lib/active_support/callbacks.rb:127:in `block in run_callbacks'
/Users/davidstern/.rvm/gems/ruby-3.1.2/gems/activesupport-7.0.4/lib/active_support/core_ext/time/zones.rb:66:in `use_zone'
/Users/davidstern/.rvm/gems/ruby-3.1.2/gems/activejob-7.0.4/lib/active_job/timezones.rb:9:in `block (2 levels) in <module:Timezones>'
/Users/davidstern/.rvm/gems/ruby-3.1.2/gems/activesupport-7.0.4/lib/active_support/callbacks.rb:127:in `instance_exec'
/Users/davidstern/.rvm/gems/ruby-3.1.2/gems/activesupport-7.0.4/lib/active_support/callbacks.rb:127:in `block in run_callbacks'
/Users/davidstern/.rvm/gems/ruby-3.1.2/gems/activesupport-7.0.4/lib/active_support/callbacks.rb:138:in `run_callbacks'
/Users/davidstern/.rvm/gems/ruby-3.1.2/gems/activejob-7.0.4/lib/active_job/execution.rb:58:in `_perform_job'
/Users/davidstern/.rvm/gems/ruby-3.1.2/gems/activejob-7.0.4/lib/active_job/instrumentation.rb:20:in `_perform_job'
/Users/davidstern/.rvm/gems/ruby-3.1.2/gems/activejob-7.0.4/lib/active_job/execution.rb:46:in `perform_now'
/Users/davidstern/.rvm/gems/ruby-3.1.2/gems/activejob-7.0.4/lib/active_job/instrumentation.rb:14:in `block in perform_now'
/Users/davidstern/.rvm/gems/ruby-3.1.2/gems/activejob-7.0.4/lib/active_job/instrumentation.rb:25:in `block in instrument'
/Users/davidstern/.rvm/gems/ruby-3.1.2/gems/activesupport-7.0.4/lib/active_support/notifications.rb:206:in `block in instrument'
/Users/davidstern/.rvm/gems/ruby-3.1.2/gems/activesupport-7.0.4/lib/active_support/notifications/instrumenter.rb:24:in `instrument'
/Users/davidstern/.rvm/gems/ruby-3.1.2/gems/activesupport-7.0.4/lib/active_support/notifications.rb:206:in `instrument'
/Users/davidstern/.rvm/gems/ruby-3.1.2/gems/activejob-7.0.4/lib/active_job/instrumentation.rb:35:in `instrument'
/Users/davidstern/.rvm/gems/ruby-3.1.2/gems/activejob-7.0.4/lib/active_job/instrumentation.rb:14:in `perform_now'
/Users/davidstern/.rvm/gems/ruby-3.1.2/gems/activejob-7.0.4/lib/active_job/logging.rb:18:in `block in perform_now'
/Users/davidstern/.rvm/gems/ruby-3.1.2/gems/activesupport-7.0.4/lib/active_support/tagged_logging.rb:99:in `block in tagged'
/Users/davidstern/.rvm/gems/ruby-3.1.2/gems/activesupport-7.0.4/lib/active_support/tagged_logging.rb:37:in `tagged'
/Users/davidstern/.rvm/gems/ruby-3.1.2/gems/activesupport-7.0.4/lib/active_support/tagged_logging.rb:99:in `tagged'
/Users/davidstern/.rvm/gems/ruby-3.1.2/gems/activejob-7.0.4/lib/active_job/logging.rb:25:in `tag_logger'
/Users/davidstern/.rvm/gems/ruby-3.1.2/gems/activejob-7.0.4/lib/active_job/logging.rb:18:in `perform_now'
/Users/davidstern/.rvm/gems/ruby-3.1.2/gems/activejob-7.0.4/lib/active_job/execution.rb:24:in `block in execute'
/Users/davidstern/.rvm/gems/ruby-3.1.2/gems/activesupport-7.0.4/lib/active_support/callbacks.rb:118:in `block in run_callbacks'
/Users/davidstern/.rvm/gems/ruby-3.1.2/gems/activejob-7.0.4/lib/active_job/railtie.rb:54:in `block (4 levels) in <class:Railtie>'
/Users/davidstern/.rvm/gems/ruby-3.1.2/gems/activesupport-7.0.4/lib/active_support/execution_wrapper.rb:92:in `wrap'
/Users/davidstern/.rvm/gems/ruby-3.1.2/gems/activesupport-7.0.4/lib/active_support/reloader.rb:72:in `block in wrap'
/Users/davidstern/.rvm/gems/ruby-3.1.2/gems/activesupport-7.0.4/lib/active_support/execution_wrapper.rb:92:in `wrap'
/Users/davidstern/.rvm/gems/ruby-3.1.2/gems/activesupport-7.0.4/lib/active_support/reloader.rb:71:in `wrap'
/Users/davidstern/.rvm/gems/ruby-3.1.2/gems/activejob-7.0.4/lib/active_job/railtie.rb:53:in `block (3 levels) in <class:Railtie>'
/Users/davidstern/.rvm/gems/ruby-3.1.2/gems/activesupport-7.0.4/lib/active_support/callbacks.rb:127:in `instance_exec'
/Users/davidstern/.rvm/gems/ruby-3.1.2/gems/activesupport-7.0.4/lib/active_support/callbacks.rb:127:in `block in run_callbacks'
/Users/davidstern/.rvm/gems/ruby-3.1.2/gems/activesupport-7.0.4/lib/active_support/callbacks.rb:138:in `run_callbacks'
/Users/davidstern/.rvm/gems/ruby-3.1.2/gems/activejob-7.0.4/lib/active_job/execution.rb:22:in `execute'
/Users/davidstern/.rvm/gems/ruby-3.1.2/gems/activejob-7.0.4/lib/active_job/queue_adapters/async_adapter.rb:70:in `perform'
/Users/davidstern/.rvm/gems/ruby-3.1.2/gems/concurrent-ruby-1.1.10/lib/concurrent-ruby/concurrent/executor/ruby_thread_pool_executor.rb:352:in `run_task'
/Users/davidstern/.rvm/gems/ruby-3.1.2/gems/concurrent-ruby-1.1.10/lib/concurrent-ruby/concurrent/executor/ruby_thread_pool_executor.rb:343:in `block (3 levels) in create_worker'
/Users/davidstern/.rvm/gems/ruby-3.1.2/gems/concurrent-ruby-1.1.10/lib/concurrent-ruby/concurrent/executor/ruby_thread_pool_executor.rb:334:in `loop'
/Users/davidstern/.rvm/gems/ruby-3.1.2/gems/concurrent-ruby-1.1.10/lib/concurrent-ruby/concurrent/executor/ruby_thread_pool_executor.rb:334:in `block (2 levels) in create_worker'
/Users/davidstern/.rvm/gems/ruby-3.1.2/gems/concurrent-ruby-1.1.10/lib/concurrent-ruby/concurrent/executor/ruby_thread_pool_executor.rb:333:in `catch'
/Users/davidstern/.rvm/gems/ruby-3.1.2/gems/concurrent-ruby-1.1.10/lib/concurrent-ruby/concurrent/executor/ruby_thread_pool_executor.rb:333:in `block in create_worker'
I, [2022-10-18T21:59:03.260348 #75800]  INFO -- : [9e31a809-fc83-42f6-95aa-a568c59d32b4] Completed 200 OK in 21ms (Views: 17.1ms | ActiveRecord: 2.5ms | Allocations: 8634)
I, [2022-10-18T21:59:03.266081 #75800]  INFO -- : [ActiveJob] [ActionMailer::MailDeliveryJob] [4ce70f66-ad14-4927-ace7-788d2c1e54cb]   Rendered comments_mailer/submitted.html.erb within layouts/mailer (Duration: 3.8ms | Allocations: 1286)
I, [2022-10-18T21:59:03.266411 #75800]  INFO -- : [ActiveJob] [ActionMailer::MailDeliveryJob] [4ce70f66-ad14-4927-ace7-788d2c1e54cb]   Rendered layout layouts/mailer.html.erb (Duration: 4.1ms | Allocations: 1447)
I, [2022-10-18T21:59:03.266974 #75800]  INFO -- : [ActiveJob] [ActionMailer::MailDeliveryJob] [4ce70f66-ad14-4927-ace7-788d2c1e54cb]   Rendered comments_mailer/submitted.text.erb within layouts/mailer (Duration: 0.3ms | Allocations: 109)
I, [2022-10-18T21:59:03.267264 #75800]  INFO -- : [ActiveJob] [ActionMailer::MailDeliveryJob] [4ce70f66-ad14-4927-ace7-788d2c1e54cb]   Rendered layout layouts/mailer.text.erb (Duration: 0.6ms | Allocations: 234)
I, [2022-10-18T21:59:03.276044 #75800]  INFO -- : [ActiveJob] [ActionMailer::MailDeliveryJob] [4ce70f66-ad14-4927-ace7-788d2c1e54cb] Delivered mail 634f0587421f4_128185c303698d@Mini-de-David-001.lan.mail (6.5ms)
E, [2022-10-18T21:59:03.276402 #75800] ERROR -- : [ActiveJob] [ActionMailer::MailDeliveryJob] [4ce70f66-ad14-4927-ace7-788d2c1e54cb] Error performing ActionMailer::MailDeliveryJob (Job ID: 4ce70f66-ad14-4927-ace7-788d2c1e54cb) from Async(default) in 49.59ms: Errno::ECONNREFUSED (Connection refused - connect(2) for 127.0.0.1:25):
/Users/davidstern/.rvm/rubies/ruby-3.1.2/lib/ruby/3.1.0/socket.rb:1214:in `__connect_nonblock'
/Users/davidstern/.rvm/rubies/ruby-3.1.2/lib/ruby/3.1.0/socket.rb:1214:in `connect_nonblock'
/Users/davidstern/.rvm/rubies/ruby-3.1.2/lib/ruby/3.1.0/socket.rb:56:in `connect_internal'
/Users/davidstern/.rvm/rubies/ruby-3.1.2/lib/ruby/3.1.0/socket.rb:137:in `connect'
/Users/davidstern/.rvm/rubies/ruby-3.1.2/lib/ruby/3.1.0/socket.rb:642:in `block in tcp'
/Users/davidstern/.rvm/rubies/ruby-3.1.2/lib/ruby/3.1.0/socket.rb:227:in `each'
/Users/davidstern/.rvm/rubies/ruby-3.1.2/lib/ruby/3.1.0/socket.rb:227:in `foreach'
/Users/davidstern/.rvm/rubies/ruby-3.1.2/lib/ruby/3.1.0/socket.rb:632:in `tcp'
/Users/davidstern/.rvm/gems/ruby-3.1.2/gems/net-smtp-0.3.2/lib/net/smtp.rb:631:in `tcp_socket'
/Users/davidstern/.rvm/gems/ruby-3.1.2/gems/net-smtp-0.3.2/lib/net/smtp.rb:644:in `do_start'
/Users/davidstern/.rvm/gems/ruby-3.1.2/gems/net-smtp-0.3.2/lib/net/smtp.rb:609:in `start'
/Users/davidstern/.rvm/gems/ruby-3.1.2/gems/mail-2.7.1/lib/mail/network/delivery_methods/smtp.rb:109:in `start_smtp_session'
/Users/davidstern/.rvm/gems/ruby-3.1.2/gems/mail-2.7.1/lib/mail/network/delivery_methods/smtp.rb:100:in `deliver!'
/Users/davidstern/.rvm/gems/ruby-3.1.2/gems/mail-2.7.1/lib/mail/message.rb:2159:in `do_delivery'
/Users/davidstern/.rvm/gems/ruby-3.1.2/gems/mail-2.7.1/lib/mail/message.rb:260:in `block in deliver'
/Users/davidstern/.rvm/gems/ruby-3.1.2/gems/actionmailer-7.0.4/lib/action_mailer/base.rb:588:in `block in deliver_mail'
/Users/davidstern/.rvm/gems/ruby-3.1.2/gems/activesupport-7.0.4/lib/active_support/notifications.rb:206:in `block in instrument'
/Users/davidstern/.rvm/gems/ruby-3.1.2/gems/activesupport-7.0.4/lib/active_support/notifications/instrumenter.rb:24:in `instrument'
/Users/davidstern/.rvm/gems/ruby-3.1.2/gems/activesupport-7.0.4/lib/active_support/notifications.rb:206:in `instrument'
/Users/davidstern/.rvm/gems/ruby-3.1.2/gems/actionmailer-7.0.4/lib/action_mailer/base.rb:586:in `deliver_mail'
/Users/davidstern/.rvm/gems/ruby-3.1.2/gems/mail-2.7.1/lib/mail/message.rb:260:in `deliver'
/Users/davidstern/.rvm/gems/ruby-3.1.2/gems/actionmailer-7.0.4/lib/action_mailer/message_delivery.rb:119:in `block in deliver_now'
/Users/davidstern/.rvm/gems/ruby-3.1.2/gems/actionmailer-7.0.4/lib/action_mailer/rescuable.rb:17:in `handle_exceptions'
/Users/davidstern/.rvm/gems/ruby-3.1.2/gems/actionmailer-7.0.4/lib/action_mailer/message_delivery.rb:118:in `deliver_now'
/Users/davidstern/.rvm/gems/ruby-3.1.2/gems/actionmailer-7.0.4/lib/action_mailer/mail_delivery_job.rb:23:in `perform'
/Users/davidstern/.rvm/gems/ruby-3.1.2/gems/activejob-7.0.4/lib/active_job/execution.rb:59:in `block in _perform_job'
/Users/davidstern/.rvm/gems/ruby-3.1.2/gems/activesupport-7.0.4/lib/active_support/callbacks.rb:118:in `block in run_callbacks'
/Users/davidstern/.rvm/gems/ruby-3.1.2/gems/i18n-1.12.0/lib/i18n.rb:322:in `with_locale'
/Users/davidstern/.rvm/gems/ruby-3.1.2/gems/activejob-7.0.4/lib/active_job/translation.rb:9:in `block (2 levels) in <module:Translation>'
/Users/davidstern/.rvm/gems/ruby-3.1.2/gems/activesupport-7.0.4/lib/active_support/callbacks.rb:127:in `instance_exec'
/Users/davidstern/.rvm/gems/ruby-3.1.2/gems/activesupport-7.0.4/lib/active_support/callbacks.rb:127:in `block in run_callbacks'
/Users/davidstern/.rvm/gems/ruby-3.1.2/gems/activesupport-7.0.4/lib/active_support/core_ext/time/zones.rb:66:in `use_zone'
/Users/davidstern/.rvm/gems/ruby-3.1.2/gems/activejob-7.0.4/lib/active_job/timezones.rb:9:in `block (2 levels) in <module:Timezones>'
/Users/davidstern/.rvm/gems/ruby-3.1.2/gems/activesupport-7.0.4/lib/active_support/callbacks.rb:127:in `instance_exec'
/Users/davidstern/.rvm/gems/ruby-3.1.2/gems/activesupport-7.0.4/lib/active_support/callbacks.rb:127:in `block in run_callbacks'
/Users/davidstern/.rvm/gems/ruby-3.1.2/gems/activesupport-7.0.4/lib/active_support/callbacks.rb:138:in `run_callbacks'
/Users/davidstern/.rvm/gems/ruby-3.1.2/gems/activejob-7.0.4/lib/active_job/execution.rb:58:in `_perform_job'
/Users/davidstern/.rvm/gems/ruby-3.1.2/gems/activejob-7.0.4/lib/active_job/instrumentation.rb:20:in `_perform_job'
/Users/davidstern/.rvm/gems/ruby-3.1.2/gems/activejob-7.0.4/lib/active_job/execution.rb:46:in `perform_now'
/Users/davidstern/.rvm/gems/ruby-3.1.2/gems/activejob-7.0.4/lib/active_job/instrumentation.rb:14:in `block in perform_now'
/Users/davidstern/.rvm/gems/ruby-3.1.2/gems/activejob-7.0.4/lib/active_job/instrumentation.rb:25:in `block in instrument'
/Users/davidstern/.rvm/gems/ruby-3.1.2/gems/activesupport-7.0.4/lib/active_support/notifications.rb:206:in `block in instrument'
/Users/davidstern/.rvm/gems/ruby-3.1.2/gems/activesupport-7.0.4/lib/active_support/notifications/instrumenter.rb:24:in `instrument'
/Users/davidstern/.rvm/gems/ruby-3.1.2/gems/activesupport-7.0.4/lib/active_support/notifications.rb:206:in `instrument'
/Users/davidstern/.rvm/gems/ruby-3.1.2/gems/activejob-7.0.4/lib/active_job/instrumentation.rb:35:in `instrument'
/Users/davidstern/.rvm/gems/ruby-3.1.2/gems/activejob-7.0.4/lib/active_job/instrumentation.rb:14:in `perform_now'
/Users/davidstern/.rvm/gems/ruby-3.1.2/gems/activejob-7.0.4/lib/active_job/logging.rb:18:in `block in perform_now'
/Users/davidstern/.rvm/gems/ruby-3.1.2/gems/activesupport-7.0.4/lib/active_support/tagged_logging.rb:99:in `block in tagged'
/Users/davidstern/.rvm/gems/ruby-3.1.2/gems/activesupport-7.0.4/lib/active_support/tagged_logging.rb:37:in `tagged'
/Users/davidstern/.rvm/gems/ruby-3.1.2/gems/activesupport-7.0.4/lib/active_support/tagged_logging.rb:99:in `tagged'
/Users/davidstern/.rvm/gems/ruby-3.1.2/gems/activejob-7.0.4/lib/active_job/logging.rb:25:in `tag_logger'
/Users/davidstern/.rvm/gems/ruby-3.1.2/gems/activejob-7.0.4/lib/active_job/logging.rb:18:in `perform_now'
/Users/davidstern/.rvm/gems/ruby-3.1.2/gems/activejob-7.0.4/lib/active_job/execution.rb:24:in `block in execute'
/Users/davidstern/.rvm/gems/ruby-3.1.2/gems/activesupport-7.0.4/lib/active_support/callbacks.rb:118:in `block in run_callbacks'
/Users/davidstern/.rvm/gems/ruby-3.1.2/gems/activejob-7.0.4/lib/active_job/railtie.rb:54:in `block (4 levels) in <class:Railtie>'
/Users/davidstern/.rvm/gems/ruby-3.1.2/gems/activesupport-7.0.4/lib/active_support/execution_wrapper.rb:92:in `wrap'
/Users/davidstern/.rvm/gems/ruby-3.1.2/gems/activesupport-7.0.4/lib/active_support/reloader.rb:72:in `block in wrap'
/Users/davidstern/.rvm/gems/ruby-3.1.2/gems/activesupport-7.0.4/lib/active_support/execution_wrapper.rb:92:in `wrap'
/Users/davidstern/.rvm/gems/ruby-3.1.2/gems/activesupport-7.0.4/lib/active_support/reloader.rb:71:in `wrap'
/Users/davidstern/.rvm/gems/ruby-3.1.2/gems/activejob-7.0.4/lib/active_job/railtie.rb:53:in `block (3 levels) in <class:Railtie>'
/Users/davidstern/.rvm/gems/ruby-3.1.2/gems/activesupport-7.0.4/lib/active_support/callbacks.rb:127:in `instance_exec'
/Users/davidstern/.rvm/gems/ruby-3.1.2/gems/activesupport-7.0.4/lib/active_support/callbacks.rb:127:in `block in run_callbacks'
/Users/davidstern/.rvm/gems/ruby-3.1.2/gems/activesupport-7.0.4/lib/active_support/callbacks.rb:138:in `run_callbacks'
/Users/davidstern/.rvm/gems/ruby-3.1.2/gems/activejob-7.0.4/lib/active_job/execution.rb:22:in `execute'
/Users/davidstern/.rvm/gems/ruby-3.1.2/gems/activejob-7.0.4/lib/active_job/queue_adapters/async_adapter.rb:70:in `perform'
/Users/davidstern/.rvm/gems/ruby-3.1.2/gems/concurrent-ruby-1.1.10/lib/concurrent-ruby/concurrent/executor/ruby_thread_pool_executor.rb:352:in `run_task'
/Users/davidstern/.rvm/gems/ruby-3.1.2/gems/concurrent-ruby-1.1.10/lib/concurrent-ruby/concurrent/executor/ruby_thread_pool_executor.rb:343:in `block (3 levels) in create_worker'
/Users/davidstern/.rvm/gems/ruby-3.1.2/gems/concurrent-ruby-1.1.10/lib/concurrent-ruby/concurrent/executor/ruby_thread_pool_executor.rb:334:in `loop'
/Users/davidstern/.rvm/gems/ruby-3.1.2/gems/concurrent-ruby-1.1.10/lib/concurrent-ruby/concurrent/executor/ruby_thread_pool_executor.rb:334:in `block (2 levels) in create_worker'
/Users/davidstern/.rvm/gems/ruby-3.1.2/gems/concurrent-ruby-1.1.10/lib/concurrent-ruby/concurrent/executor/ruby_thread_pool_executor.rb:333:in `catch'
/Users/davidstern/.rvm/gems/ruby-3.1.2/gems/concurrent-ruby-1.1.10/lib/concurrent-ruby/concurrent/executor/ruby_thread_pool_executor.rb:333:in `block in create_worker'
I, [2022-10-18T21:59:05.012222 #75800]  INFO -- : [d7e7aab9-a553-4791-8c0d-e491d9a5919b] Started GET "/posts/1/edit" for 127.0.0.1 at 2022-10-18 21:59:05 +0200
I, [2022-10-18T21:59:05.013111 #75800]  INFO -- : [d7e7aab9-a553-4791-8c0d-e491d9a5919b] Processing by PostsController#edit as HTML
I, [2022-10-18T21:59:05.013154 #75800]  INFO -- : [d7e7aab9-a553-4791-8c0d-e491d9a5919b]   Parameters: {"id"=>"1"}
I, [2022-10-18T21:59:05.025141 #75800]  INFO -- : [d7e7aab9-a553-4791-8c0d-e491d9a5919b]   Rendered posts/edit.html.erb within layouts/application (Duration: 9.3ms | Allocations: 2223)
I, [2022-10-18T21:59:05.026406 #75800]  INFO -- : [d7e7aab9-a553-4791-8c0d-e491d9a5919b]   Rendered layout layouts/application.html.erb (Duration: 10.6ms | Allocations: 2782)
I, [2022-10-18T21:59:05.026759 #75800]  INFO -- : [d7e7aab9-a553-4791-8c0d-e491d9a5919b] Completed 200 OK in 14ms (Views: 10.4ms | ActiveRecord: 0.9ms | Allocations: 3177)
